/!\ FAILSAFE /!\  Fri Mar 26 20:10:34 +0000 2010
  Status: 500 Internal Server Error
  uninitialized constant Encoding
    /usr/lib/ruby/gems/1.8/gems/activesupport-2.3.5/lib/active_support/dependencies.rb:443:in `load_missing_constant'
    /usr/lib/ruby/gems/1.8/gems/activesupport-2.3.5/lib/active_support/dependencies.rb:80:in `const_missing'
    /usr/lib/ruby/gems/1.8/gems/activesupport-2.3.5/lib/active_support/dependencies.rb:92:in `const_missing'
    /usr/lib/ruby/gems/1.8/gems/sqlite3-0.0.3/lib/sqlite3/encoding.rb:9:in `find'
    /usr/lib/ruby/gems/1.8/gems/sqlite3-0.0.3/lib/sqlite3/database.rb:69:in `initialize'
    /usr/lib/ruby/gems/1.8/gems/activerecord-2.3.5/lib/active_record/connection_adapters/sqlite3_adapter.rb:13:in `new'
    /usr/lib/ruby/gems/1.8/gems/activerecord-2.3.5/lib/active_record/connection_adapters/sqlite3_adapter.rb:13:in `sqlite3_connection'
    /usr/lib/ruby/gems/1.8/gems/activerecord-2.3.5/lib/active_record/connection_adapters/abstract/connection_pool.rb:223:in `send'
    /usr/lib/ruby/gems/1.8/gems/activerecord-2.3.5/lib/active_record/connection_adapters/abstract/connection_pool.rb:223:in `new_connection'
    /usr/lib/ruby/gems/1.8/gems/activerecord-2.3.5/lib/active_record/connection_adapters/abstract/connection_pool.rb:245:in `checkout_new_connection'
    /usr/lib/ruby/gems/1.8/gems/activerecord-2.3.5/lib/active_record/connection_adapters/abstract/connection_pool.rb:188:in `checkout'
    /usr/lib/ruby/gems/1.8/gems/activerecord-2.3.5/lib/active_record/connection_adapters/abstract/connection_pool.rb:184:in `loop'
    /usr/lib/ruby/gems/1.8/gems/activerecord-2.3.5/lib/active_record/connection_adapters/abstract/connection_pool.rb:184:in `checkout'
    /usr/lib/ruby/1.8/monitor.rb:242:in `synchronize'
    /usr/lib/ruby/gems/1.8/gems/activerecord-2.3.5/lib/active_record/connection_adapters/abstract/connection_pool.rb:183:in `checkout'
    /usr/lib/ruby/gems/1.8/gems/activerecord-2.3.5/lib/active_record/connection_adapters/abstract/connection_pool.rb:98:in `connection'
    /usr/lib/ruby/gems/1.8/gems/activerecord-2.3.5/lib/active_record/connection_adapters/abstract/connection_pool.rb:326:in `retrieve_connection'
    /usr/lib/ruby/gems/1.8/gems/activerecord-2.3.5/lib/active_record/connection_adapters/abstract/connection_specification.rb:123:in `retrieve_connection'
    /usr/lib/ruby/gems/1.8/gems/activerecord-2.3.5/lib/active_record/connection_adapters/abstract/connection_specification.rb:115:in `connection'
    /usr/lib/ruby/gems/1.8/gems/activerecord-2.3.5/lib/active_record/query_cache.rb:9:in `cache'
    /usr/lib/ruby/gems/1.8/gems/activerecord-2.3.5/lib/active_record/query_cache.rb:28:in `call'
    /usr/lib/ruby/gems/1.8/gems/activerecord-2.3.5/lib/active_record/connection_adapters/abstract/connection_pool.rb:361:in `call'
    /usr/lib/ruby/gems/1.8/gems/actionpack-2.3.5/lib/action_controller/string_coercion.rb:25:in `call'
    /usr/lib/ruby/gems/1.8/gems/rack-1.0.1/lib/rack/head.rb:9:in `call'
    /usr/lib/ruby/gems/1.8/gems/rack-1.0.1/lib/rack/methodoverride.rb:24:in `call'
    /usr/lib/ruby/gems/1.8/gems/actionpack-2.3.5/lib/action_controller/params_parser.rb:15:in `call'
    /usr/lib/ruby/gems/1.8/gems/actionpack-2.3.5/lib/action_controller/session/cookie_store.rb:93:in `call'
    /usr/lib/ruby/gems/1.8/gems/actionpack-2.3.5/lib/action_controller/failsafe.rb:26:in `call'
    /usr/lib/ruby/gems/1.8/gems/rack-1.0.1/lib/rack/lock.rb:11:in `call'
    /usr/lib/ruby/gems/1.8/gems/rack-1.0.1/lib/rack/lock.rb:11:in `synchronize'
    /usr/lib/ruby/gems/1.8/gems/rack-1.0.1/lib/rack/lock.rb:11:in `call'
    /usr/lib/ruby/gems/1.8/gems/actionpack-2.3.5/lib/action_controller/dispatcher.rb:114:in `call'
    /usr/lib/ruby/gems/1.8/gems/actionpack-2.3.5/lib/action_controller/reloader.rb:34:in `run'
    /usr/lib/ruby/gems/1.8/gems/actionpack-2.3.5/lib/action_controller/dispatcher.rb:108:in `call'
    /usr/lib/ruby/gems/1.8/gems/rails-2.3.5/lib/rails/rack/static.rb:31:in `call'
    /usr/lib/ruby/gems/1.8/gems/rack-1.0.1/lib/rack/urlmap.rb:46:in `call'
    /usr/lib/ruby/gems/1.8/gems/rack-1.0.1/lib/rack/urlmap.rb:40:in `each'
    /usr/lib/ruby/gems/1.8/gems/rack-1.0.1/lib/rack/urlmap.rb:40:in `call'
    /usr/lib/ruby/gems/1.8/gems/rails-2.3.5/lib/rails/rack/log_tailer.rb:17:in `call'
    /usr/lib/ruby/gems/1.8/gems/rack-1.0.1/lib/rack/content_length.rb:13:in `call'
    /usr/lib/ruby/gems/1.8/gems/rack-1.0.1/lib/rack/chunked.rb:15:in `call'
    /usr/lib/ruby/gems/1.8/gems/rack-1.0.1/lib/rack/handler/mongrel.rb:64:in `process'
    /usr/lib/ruby/gems/1.8/gems/mongrel-1.1.5/lib/mongrel.rb:159:in `process_client'
    /usr/lib/ruby/gems/1.8/gems/mongrel-1.1.5/lib/mongrel.rb:158:in `each'
    /usr/lib/ruby/gems/1.8/gems/mongrel-1.1.5/lib/mongrel.rb:158:in `process_client'
    /usr/lib/ruby/gems/1.8/gems/mongrel-1.1.5/lib/mongrel.rb:285:in `run'
    /usr/lib/ruby/gems/1.8/gems/mongrel-1.1.5/lib/mongrel.rb:285:in `initialize'
    /usr/lib/ruby/gems/1.8/gems/mongrel-1.1.5/lib/mongrel.rb:285:in `new'
    /usr/lib/ruby/gems/1.8/gems/mongrel-1.1.5/lib/mongrel.rb:285:in `run'
    /usr/lib/ruby/gems/1.8/gems/mongrel-1.1.5/lib/mongrel.rb:268:in `initialize'
    /usr/lib/ruby/gems/1.8/gems/mongrel-1.1.5/lib/mongrel.rb:268:in `new'
    /usr/lib/ruby/gems/1.8/gems/mongrel-1.1.5/lib/mongrel.rb:268:in `run'
    /usr/lib/ruby/gems/1.8/gems/rack-1.0.1/lib/rack/handler/mongrel.rb:34:in `run'
    /usr/lib/ruby/gems/1.8/gems/rails-2.3.5/lib/commands/server.rb:111
    /usr/local/lib/site_ruby/1.8/rubygems/custom_require.rb:31:in `gem_original_require'
    /usr/local/lib/site_ruby/1.8/rubygems/custom_require.rb:31:in `require'
    script/server:3
/!\ FAILSAFE /!\  Fri Mar 26 20:11:16 +0000 2010
  Status: 500 Internal Server Error
  uninitialized constant Encoding
    /usr/lib/ruby/gems/1.8/gems/activesupport-2.3.5/lib/active_support/dependencies.rb:443:in `load_missing_constant'
    /usr/lib/ruby/gems/1.8/gems/activesupport-2.3.5/lib/active_support/dependencies.rb:80:in `const_missing'
    /usr/lib/ruby/gems/1.8/gems/activesupport-2.3.5/lib/active_support/dependencies.rb:92:in `const_missing'
    /usr/lib/ruby/gems/1.8/gems/sqlite3-0.0.3/lib/sqlite3/encoding.rb:9:in `find'
    /usr/lib/ruby/gems/1.8/gems/sqlite3-0.0.3/lib/sqlite3/database.rb:69:in `initialize'
    /usr/lib/ruby/gems/1.8/gems/activerecord-2.3.5/lib/active_record/connection_adapters/sqlite3_adapter.rb:13:in `new'
    /usr/lib/ruby/gems/1.8/gems/activerecord-2.3.5/lib/active_record/connection_adapters/sqlite3_adapter.rb:13:in `sqlite3_connection'
    /usr/lib/ruby/gems/1.8/gems/activerecord-2.3.5/lib/active_record/connection_adapters/abstract/connection_pool.rb:223:in `send'
    /usr/lib/ruby/gems/1.8/gems/activerecord-2.3.5/lib/active_record/connection_adapters/abstract/connection_pool.rb:223:in `new_connection'
    /usr/lib/ruby/gems/1.8/gems/activerecord-2.3.5/lib/active_record/connection_adapters/abstract/connection_pool.rb:245:in `checkout_new_connection'
    /usr/lib/ruby/gems/1.8/gems/activerecord-2.3.5/lib/active_record/connection_adapters/abstract/connection_pool.rb:188:in `checkout'
    /usr/lib/ruby/gems/1.8/gems/activerecord-2.3.5/lib/active_record/connection_adapters/abstract/connection_pool.rb:184:in `loop'
    /usr/lib/ruby/gems/1.8/gems/activerecord-2.3.5/lib/active_record/connection_adapters/abstract/connection_pool.rb:184:in `checkout'
    /usr/lib/ruby/1.8/monitor.rb:242:in `synchronize'
    /usr/lib/ruby/gems/1.8/gems/activerecord-2.3.5/lib/active_record/connection_adapters/abstract/connection_pool.rb:183:in `checkout'
    /usr/lib/ruby/gems/1.8/gems/activerecord-2.3.5/lib/active_record/connection_adapters/abstract/connection_pool.rb:98:in `connection'
    /usr/lib/ruby/gems/1.8/gems/activerecord-2.3.5/lib/active_record/connection_adapters/abstract/connection_pool.rb:326:in `retrieve_connection'
    /usr/lib/ruby/gems/1.8/gems/activerecord-2.3.5/lib/active_record/connection_adapters/abstract/connection_specification.rb:123:in `retrieve_connection'
    /usr/lib/ruby/gems/1.8/gems/activerecord-2.3.5/lib/active_record/connection_adapters/abstract/connection_specification.rb:115:in `connection'
    /usr/lib/ruby/gems/1.8/gems/activerecord-2.3.5/lib/active_record/query_cache.rb:9:in `cache'
    /usr/lib/ruby/gems/1.8/gems/activerecord-2.3.5/lib/active_record/query_cache.rb:28:in `call'
    /usr/lib/ruby/gems/1.8/gems/activerecord-2.3.5/lib/active_record/connection_adapters/abstract/connection_pool.rb:361:in `call'
    /usr/lib/ruby/gems/1.8/gems/actionpack-2.3.5/lib/action_controller/string_coercion.rb:25:in `call'
    /usr/lib/ruby/gems/1.8/gems/rack-1.0.1/lib/rack/head.rb:9:in `call'
    /usr/lib/ruby/gems/1.8/gems/rack-1.0.1/lib/rack/methodoverride.rb:24:in `call'
    /usr/lib/ruby/gems/1.8/gems/actionpack-2.3.5/lib/action_controller/params_parser.rb:15:in `call'
    /usr/lib/ruby/gems/1.8/gems/actionpack-2.3.5/lib/action_controller/session/cookie_store.rb:93:in `call'
    /usr/lib/ruby/gems/1.8/gems/actionpack-2.3.5/lib/action_controller/failsafe.rb:26:in `call'
    /usr/lib/ruby/gems/1.8/gems/rack-1.0.1/lib/rack/lock.rb:11:in `call'
    /usr/lib/ruby/gems/1.8/gems/rack-1.0.1/lib/rack/lock.rb:11:in `synchronize'
    /usr/lib/ruby/gems/1.8/gems/rack-1.0.1/lib/rack/lock.rb:11:in `call'
    /usr/lib/ruby/gems/1.8/gems/actionpack-2.3.5/lib/action_controller/dispatcher.rb:114:in `call'
    /usr/lib/ruby/gems/1.8/gems/actionpack-2.3.5/lib/action_controller/reloader.rb:34:in `run'
    /usr/lib/ruby/gems/1.8/gems/actionpack-2.3.5/lib/action_controller/dispatcher.rb:108:in `call'
    /usr/lib/ruby/gems/1.8/gems/rails-2.3.5/lib/rails/rack/static.rb:31:in `call'
    /usr/lib/ruby/gems/1.8/gems/rack-1.0.1/lib/rack/urlmap.rb:46:in `call'
    /usr/lib/ruby/gems/1.8/gems/rack-1.0.1/lib/rack/urlmap.rb:40:in `each'
    /usr/lib/ruby/gems/1.8/gems/rack-1.0.1/lib/rack/urlmap.rb:40:in `call'
    /usr/lib/ruby/gems/1.8/gems/rails-2.3.5/lib/rails/rack/log_tailer.rb:17:in `call'
    /usr/lib/ruby/gems/1.8/gems/rack-1.0.1/lib/rack/content_length.rb:13:in `call'
    /usr/lib/ruby/gems/1.8/gems/rack-1.0.1/lib/rack/chunked.rb:15:in `call'
    /usr/lib/ruby/gems/1.8/gems/rack-1.0.1/lib/rack/handler/mongrel.rb:64:in `process'
    /usr/lib/ruby/gems/1.8/gems/mongrel-1.1.5/lib/mongrel.rb:159:in `process_client'
    /usr/lib/ruby/gems/1.8/gems/mongrel-1.1.5/lib/mongrel.rb:158:in `each'
    /usr/lib/ruby/gems/1.8/gems/mongrel-1.1.5/lib/mongrel.rb:158:in `process_client'
    /usr/lib/ruby/gems/1.8/gems/mongrel-1.1.5/lib/mongrel.rb:285:in `run'
    /usr/lib/ruby/gems/1.8/gems/mongrel-1.1.5/lib/mongrel.rb:285:in `initialize'
    /usr/lib/ruby/gems/1.8/gems/mongrel-1.1.5/lib/mongrel.rb:285:in `new'
    /usr/lib/ruby/gems/1.8/gems/mongrel-1.1.5/lib/mongrel.rb:285:in `run'
    /usr/lib/ruby/gems/1.8/gems/mongrel-1.1.5/lib/mongrel.rb:268:in `initialize'
    /usr/lib/ruby/gems/1.8/gems/mongrel-1.1.5/lib/mongrel.rb:268:in `new'
    /usr/lib/ruby/gems/1.8/gems/mongrel-1.1.5/lib/mongrel.rb:268:in `run'
    /usr/lib/ruby/gems/1.8/gems/rack-1.0.1/lib/rack/handler/mongrel.rb:34:in `run'
    /usr/lib/ruby/gems/1.8/gems/rails-2.3.5/lib/commands/server.rb:111
    /usr/local/lib/site_ruby/1.8/rubygems/custom_require.rb:31:in `gem_original_require'
    /usr/local/lib/site_ruby/1.8/rubygems/custom_require.rb:31:in `require'
    script/server:3
/!\ FAILSAFE /!\  Fri Mar 26 20:11:17 +0000 2010
  Status: 500 Internal Server Error
  uninitialized constant Encoding
    /usr/lib/ruby/gems/1.8/gems/activesupport-2.3.5/lib/active_support/dependencies.rb:443:in `load_missing_constant'
    /usr/lib/ruby/gems/1.8/gems/activesupport-2.3.5/lib/active_support/dependencies.rb:80:in `const_missing'
    /usr/lib/ruby/gems/1.8/gems/activesupport-2.3.5/lib/active_support/dependencies.rb:92:in `const_missing'
    /usr/lib/ruby/gems/1.8/gems/sqlite3-0.0.3/lib/sqlite3/encoding.rb:9:in `find'
    /usr/lib/ruby/gems/1.8/gems/sqlite3-0.0.3/lib/sqlite3/database.rb:69:in `initialize'
    /usr/lib/ruby/gems/1.8/gems/activerecord-2.3.5/lib/active_record/connection_adapters/sqlite3_adapter.rb:13:in `new'
    /usr/lib/ruby/gems/1.8/gems/activerecord-2.3.5/lib/active_record/connection_adapters/sqlite3_adapter.rb:13:in `sqlite3_connection'
    /usr/lib/ruby/gems/1.8/gems/activerecord-2.3.5/lib/active_record/connection_adapters/abstract/connection_pool.rb:223:in `send'
    /usr/lib/ruby/gems/1.8/gems/activerecord-2.3.5/lib/active_record/connection_adapters/abstract/connection_pool.rb:223:in `new_connection'
    /usr/lib/ruby/gems/1.8/gems/activerecord-2.3.5/lib/active_record/connection_adapters/abstract/connection_pool.rb:245:in `checkout_new_connection'
    /usr/lib/ruby/gems/1.8/gems/activerecord-2.3.5/lib/active_record/connection_adapters/abstract/connection_pool.rb:188:in `checkout'
    /usr/lib/ruby/gems/1.8/gems/activerecord-2.3.5/lib/active_record/connection_adapters/abstract/connection_pool.rb:184:in `loop'
    /usr/lib/ruby/gems/1.8/gems/activerecord-2.3.5/lib/active_record/connection_adapters/abstract/connection_pool.rb:184:in `checkout'
    /usr/lib/ruby/1.8/monitor.rb:242:in `synchronize'
    /usr/lib/ruby/gems/1.8/gems/activerecord-2.3.5/lib/active_record/connection_adapters/abstract/connection_pool.rb:183:in `checkout'
    /usr/lib/ruby/gems/1.8/gems/activerecord-2.3.5/lib/active_record/connection_adapters/abstract/connection_pool.rb:98:in `connection'
    /usr/lib/ruby/gems/1.8/gems/activerecord-2.3.5/lib/active_record/connection_adapters/abstract/connection_pool.rb:326:in `retrieve_connection'
    /usr/lib/ruby/gems/1.8/gems/activerecord-2.3.5/lib/active_record/connection_adapters/abstract/connection_specification.rb:123:in `retrieve_connection'
    /usr/lib/ruby/gems/1.8/gems/activerecord-2.3.5/lib/active_record/connection_adapters/abstract/connection_specification.rb:115:in `connection'
    /usr/lib/ruby/gems/1.8/gems/activerecord-2.3.5/lib/active_record/query_cache.rb:9:in `cache'
    /usr/lib/ruby/gems/1.8/gems/activerecord-2.3.5/lib/active_record/query_cache.rb:28:in `call'
    /usr/lib/ruby/gems/1.8/gems/activerecord-2.3.5/lib/active_record/connection_adapters/abstract/connection_pool.rb:361:in `call'
    /usr/lib/ruby/gems/1.8/gems/actionpack-2.3.5/lib/action_controller/string_coercion.rb:25:in `call'
    /usr/lib/ruby/gems/1.8/gems/rack-1.0.1/lib/rack/head.rb:9:in `call'
    /usr/lib/ruby/gems/1.8/gems/rack-1.0.1/lib/rack/methodoverride.rb:24:in `call'
    /usr/lib/ruby/gems/1.8/gems/actionpack-2.3.5/lib/action_controller/params_parser.rb:15:in `call'
    /usr/lib/ruby/gems/1.8/gems/actionpack-2.3.5/lib/action_controller/session/cookie_store.rb:93:in `call'
    /usr/lib/ruby/gems/1.8/gems/actionpack-2.3.5/lib/action_controller/failsafe.rb:26:in `call'
    /usr/lib/ruby/gems/1.8/gems/rack-1.0.1/lib/rack/lock.rb:11:in `call'
    /usr/lib/ruby/gems/1.8/gems/rack-1.0.1/lib/rack/lock.rb:11:in `synchronize'
    /usr/lib/ruby/gems/1.8/gems/rack-1.0.1/lib/rack/lock.rb:11:in `call'
    /usr/lib/ruby/gems/1.8/gems/actionpack-2.3.5/lib/action_controller/dispatcher.rb:114:in `call'
    /usr/lib/ruby/gems/1.8/gems/actionpack-2.3.5/lib/action_controller/reloader.rb:34:in `run'
    /usr/lib/ruby/gems/1.8/gems/actionpack-2.3.5/lib/action_controller/dispatcher.rb:108:in `call'
    /usr/lib/ruby/gems/1.8/gems/rails-2.3.5/lib/rails/rack/static.rb:31:in `call'
    /usr/lib/ruby/gems/1.8/gems/rack-1.0.1/lib/rack/urlmap.rb:46:in `call'
    /usr/lib/ruby/gems/1.8/gems/rack-1.0.1/lib/rack/urlmap.rb:40:in `each'
    /usr/lib/ruby/gems/1.8/gems/rack-1.0.1/lib/rack/urlmap.rb:40:in `call'
    /usr/lib/ruby/gems/1.8/gems/rails-2.3.5/lib/rails/rack/log_tailer.rb:17:in `call'
    /usr/lib/ruby/gems/1.8/gems/rack-1.0.1/lib/rack/content_length.rb:13:in `call'
    /usr/lib/ruby/gems/1.8/gems/rack-1.0.1/lib/rack/chunked.rb:15:in `call'
    /usr/lib/ruby/gems/1.8/gems/rack-1.0.1/lib/rack/handler/mongrel.rb:64:in `process'
    /usr/lib/ruby/gems/1.8/gems/mongrel-1.1.5/lib/mongrel.rb:159:in `process_client'
    /usr/lib/ruby/gems/1.8/gems/mongrel-1.1.5/lib/mongrel.rb:158:in `each'
    /usr/lib/ruby/gems/1.8/gems/mongrel-1.1.5/lib/mongrel.rb:158:in `process_client'
    /usr/lib/ruby/gems/1.8/gems/mongrel-1.1.5/lib/mongrel.rb:285:in `run'
    /usr/lib/ruby/gems/1.8/gems/mongrel-1.1.5/lib/mongrel.rb:285:in `initialize'
    /usr/lib/ruby/gems/1.8/gems/mongrel-1.1.5/lib/mongrel.rb:285:in `new'
    /usr/lib/ruby/gems/1.8/gems/mongrel-1.1.5/lib/mongrel.rb:285:in `run'
    /usr/lib/ruby/gems/1.8/gems/mongrel-1.1.5/lib/mongrel.rb:268:in `initialize'
    /usr/lib/ruby/gems/1.8/gems/mongrel-1.1.5/lib/mongrel.rb:268:in `new'
    /usr/lib/ruby/gems/1.8/gems/mongrel-1.1.5/lib/mongrel.rb:268:in `run'
    /usr/lib/ruby/gems/1.8/gems/rack-1.0.1/lib/rack/handler/mongrel.rb:34:in `run'
    /usr/lib/ruby/gems/1.8/gems/rails-2.3.5/lib/commands/server.rb:111
    /usr/local/lib/site_ruby/1.8/rubygems/custom_require.rb:31:in `gem_original_require'
    /usr/local/lib/site_ruby/1.8/rubygems/custom_require.rb:31:in `require'
    script/server:3
/!\ FAILSAFE /!\  Fri Mar 26 20:13:38 +0000 2010
  Status: 500 Internal Server Error
  uninitialized constant Encoding
    /usr/lib/ruby/gems/1.8/gems/activesupport-2.3.5/lib/active_support/dependencies.rb:443:in `load_missing_constant'
    /usr/lib/ruby/gems/1.8/gems/activesupport-2.3.5/lib/active_support/dependencies.rb:80:in `const_missing'
    /usr/lib/ruby/gems/1.8/gems/activesupport-2.3.5/lib/active_support/dependencies.rb:92:in `const_missing'
    /usr/lib/ruby/gems/1.8/gems/sqlite3-0.0.3/lib/sqlite3/encoding.rb:9:in `find'
    /usr/lib/ruby/gems/1.8/gems/sqlite3-0.0.3/lib/sqlite3/database.rb:69:in `initialize'
    /usr/lib/ruby/gems/1.8/gems/activerecord-2.3.5/lib/active_record/connection_adapters/sqlite3_adapter.rb:13:in `new'
    /usr/lib/ruby/gems/1.8/gems/activerecord-2.3.5/lib/active_record/connection_adapters/sqlite3_adapter.rb:13:in `sqlite3_connection'
    /usr/lib/ruby/gems/1.8/gems/activerecord-2.3.5/lib/active_record/connection_adapters/abstract/connection_pool.rb:223:in `send'
    /usr/lib/ruby/gems/1.8/gems/activerecord-2.3.5/lib/active_record/connection_adapters/abstract/connection_pool.rb:223:in `new_connection'
    /usr/lib/ruby/gems/1.8/gems/activerecord-2.3.5/lib/active_record/connection_adapters/abstract/connection_pool.rb:245:in `checkout_new_connection'
    /usr/lib/ruby/gems/1.8/gems/activerecord-2.3.5/lib/active_record/connection_adapters/abstract/connection_pool.rb:188:in `checkout'
    /usr/lib/ruby/gems/1.8/gems/activerecord-2.3.5/lib/active_record/connection_adapters/abstract/connection_pool.rb:184:in `loop'
    /usr/lib/ruby/gems/1.8/gems/activerecord-2.3.5/lib/active_record/connection_adapters/abstract/connection_pool.rb:184:in `checkout'
    /usr/lib/ruby/1.8/monitor.rb:242:in `synchronize'
    /usr/lib/ruby/gems/1.8/gems/activerecord-2.3.5/lib/active_record/connection_adapters/abstract/connection_pool.rb:183:in `checkout'
    /usr/lib/ruby/gems/1.8/gems/activerecord-2.3.5/lib/active_record/connection_adapters/abstract/connection_pool.rb:98:in `connection'
    /usr/lib/ruby/gems/1.8/gems/activerecord-2.3.5/lib/active_record/connection_adapters/abstract/connection_pool.rb:326:in `retrieve_connection'
    /usr/lib/ruby/gems/1.8/gems/activerecord-2.3.5/lib/active_record/connection_adapters/abstract/connection_specification.rb:123:in `retrieve_connection'
    /usr/lib/ruby/gems/1.8/gems/activerecord-2.3.5/lib/active_record/connection_adapters/abstract/connection_specification.rb:115:in `connection'
    /usr/lib/ruby/gems/1.8/gems/activerecord-2.3.5/lib/active_record/query_cache.rb:9:in `cache'
    /usr/lib/ruby/gems/1.8/gems/activerecord-2.3.5/lib/active_record/query_cache.rb:28:in `call'
    /usr/lib/ruby/gems/1.8/gems/activerecord-2.3.5/lib/active_record/connection_adapters/abstract/connection_pool.rb:361:in `call'
    /usr/lib/ruby/gems/1.8/gems/actionpack-2.3.5/lib/action_controller/string_coercion.rb:25:in `call'
    /usr/lib/ruby/gems/1.8/gems/rack-1.0.1/lib/rack/head.rb:9:in `call'
    /usr/lib/ruby/gems/1.8/gems/rack-1.0.1/lib/rack/methodoverride.rb:24:in `call'
    /usr/lib/ruby/gems/1.8/gems/actionpack-2.3.5/lib/action_controller/params_parser.rb:15:in `call'
    /usr/lib/ruby/gems/1.8/gems/actionpack-2.3.5/lib/action_controller/session/cookie_store.rb:93:in `call'
    /usr/lib/ruby/gems/1.8/gems/actionpack-2.3.5/lib/action_controller/failsafe.rb:26:in `call'
    /usr/lib/ruby/gems/1.8/gems/rack-1.0.1/lib/rack/lock.rb:11:in `call'
    /usr/lib/ruby/gems/1.8/gems/rack-1.0.1/lib/rack/lock.rb:11:in `synchronize'
    /usr/lib/ruby/gems/1.8/gems/rack-1.0.1/lib/rack/lock.rb:11:in `call'
    /usr/lib/ruby/gems/1.8/gems/actionpack-2.3.5/lib/action_controller/dispatcher.rb:114:in `call'
    /usr/lib/ruby/gems/1.8/gems/actionpack-2.3.5/lib/action_controller/reloader.rb:34:in `run'
    /usr/lib/ruby/gems/1.8/gems/actionpack-2.3.5/lib/action_controller/dispatcher.rb:108:in `call'
    /usr/lib/ruby/gems/1.8/gems/rails-2.3.5/lib/rails/rack/static.rb:31:in `call'
    /usr/lib/ruby/gems/1.8/gems/rack-1.0.1/lib/rack/urlmap.rb:46:in `call'
    /usr/lib/ruby/gems/1.8/gems/rack-1.0.1/lib/rack/urlmap.rb:40:in `each'
    /usr/lib/ruby/gems/1.8/gems/rack-1.0.1/lib/rack/urlmap.rb:40:in `call'
    /usr/lib/ruby/gems/1.8/gems/rails-2.3.5/lib/rails/rack/log_tailer.rb:17:in `call'
    /usr/lib/ruby/gems/1.8/gems/rack-1.0.1/lib/rack/content_length.rb:13:in `call'
    /usr/lib/ruby/gems/1.8/gems/rack-1.0.1/lib/rack/chunked.rb:15:in `call'
    /usr/lib/ruby/gems/1.8/gems/rack-1.0.1/lib/rack/handler/mongrel.rb:64:in `process'
    /usr/lib/ruby/gems/1.8/gems/mongrel-1.1.5/lib/mongrel.rb:159:in `process_client'
    /usr/lib/ruby/gems/1.8/gems/mongrel-1.1.5/lib/mongrel.rb:158:in `each'
    /usr/lib/ruby/gems/1.8/gems/mongrel-1.1.5/lib/mongrel.rb:158:in `process_client'
    /usr/lib/ruby/gems/1.8/gems/mongrel-1.1.5/lib/mongrel.rb:285:in `run'
    /usr/lib/ruby/gems/1.8/gems/mongrel-1.1.5/lib/mongrel.rb:285:in `initialize'
    /usr/lib/ruby/gems/1.8/gems/mongrel-1.1.5/lib/mongrel.rb:285:in `new'
    /usr/lib/ruby/gems/1.8/gems/mongrel-1.1.5/lib/mongrel.rb:285:in `run'
    /usr/lib/ruby/gems/1.8/gems/mongrel-1.1.5/lib/mongrel.rb:268:in `initialize'
    /usr/lib/ruby/gems/1.8/gems/mongrel-1.1.5/lib/mongrel.rb:268:in `new'
    /usr/lib/ruby/gems/1.8/gems/mongrel-1.1.5/lib/mongrel.rb:268:in `run'
    /usr/lib/ruby/gems/1.8/gems/rack-1.0.1/lib/rack/handler/mongrel.rb:34:in `run'
    /usr/lib/ruby/gems/1.8/gems/rails-2.3.5/lib/commands/server.rb:111
    /usr/local/lib/site_ruby/1.8/rubygems/custom_require.rb:31:in `gem_original_require'
    /usr/local/lib/site_ruby/1.8/rubygems/custom_require.rb:31:in `require'
    script/server:3
/!\ FAILSAFE /!\  Fri Mar 26 20:13:39 +0000 2010
  Status: 500 Internal Server Error
  uninitialized constant Encoding
    /usr/lib/ruby/gems/1.8/gems/activesupport-2.3.5/lib/active_support/dependencies.rb:443:in `load_missing_constant'
    /usr/lib/ruby/gems/1.8/gems/activesupport-2.3.5/lib/active_support/dependencies.rb:80:in `const_missing'
    /usr/lib/ruby/gems/1.8/gems/activesupport-2.3.5/lib/active_support/dependencies.rb:92:in `const_missing'
    /usr/lib/ruby/gems/1.8/gems/sqlite3-0.0.3/lib/sqlite3/encoding.rb:9:in `find'
    /usr/lib/ruby/gems/1.8/gems/sqlite3-0.0.3/lib/sqlite3/database.rb:69:in `initialize'
    /usr/lib/ruby/gems/1.8/gems/activerecord-2.3.5/lib/active_record/connection_adapters/sqlite3_adapter.rb:13:in `new'
    /usr/lib/ruby/gems/1.8/gems/activerecord-2.3.5/lib/active_record/connection_adapters/sqlite3_adapter.rb:13:in `sqlite3_connection'
    /usr/lib/ruby/gems/1.8/gems/activerecord-2.3.5/lib/active_record/connection_adapters/abstract/connection_pool.rb:223:in `send'
    /usr/lib/ruby/gems/1.8/gems/activerecord-2.3.5/lib/active_record/connection_adapters/abstract/connection_pool.rb:223:in `new_connection'
    /usr/lib/ruby/gems/1.8/gems/activerecord-2.3.5/lib/active_record/connection_adapters/abstract/connection_pool.rb:245:in `checkout_new_connection'
    /usr/lib/ruby/gems/1.8/gems/activerecord-2.3.5/lib/active_record/connection_adapters/abstract/connection_pool.rb:188:in `checkout'
    /usr/lib/ruby/gems/1.8/gems/activerecord-2.3.5/lib/active_record/connection_adapters/abstract/connection_pool.rb:184:in `loop'
    /usr/lib/ruby/gems/1.8/gems/activerecord-2.3.5/lib/active_record/connection_adapters/abstract/connection_pool.rb:184:in `checkout'
    /usr/lib/ruby/1.8/monitor.rb:242:in `synchronize'
    /usr/lib/ruby/gems/1.8/gems/activerecord-2.3.5/lib/active_record/connection_adapters/abstract/connection_pool.rb:183:in `checkout'
    /usr/lib/ruby/gems/1.8/gems/activerecord-2.3.5/lib/active_record/connection_adapters/abstract/connection_pool.rb:98:in `connection'
    /usr/lib/ruby/gems/1.8/gems/activerecord-2.3.5/lib/active_record/connection_adapters/abstract/connection_pool.rb:326:in `retrieve_connection'
    /usr/lib/ruby/gems/1.8/gems/activerecord-2.3.5/lib/active_record/connection_adapters/abstract/connection_specification.rb:123:in `retrieve_connection'
    /usr/lib/ruby/gems/1.8/gems/activerecord-2.3.5/lib/active_record/connection_adapters/abstract/connection_specification.rb:115:in `connection'
    /usr/lib/ruby/gems/1.8/gems/activerecord-2.3.5/lib/active_record/query_cache.rb:9:in `cache'
    /usr/lib/ruby/gems/1.8/gems/activerecord-2.3.5/lib/active_record/query_cache.rb:28:in `call'
    /usr/lib/ruby/gems/1.8/gems/activerecord-2.3.5/lib/active_record/connection_adapters/abstract/connection_pool.rb:361:in `call'
    /usr/lib/ruby/gems/1.8/gems/actionpack-2.3.5/lib/action_controller/string_coercion.rb:25:in `call'
    /usr/lib/ruby/gems/1.8/gems/rack-1.0.1/lib/rack/head.rb:9:in `call'
    /usr/lib/ruby/gems/1.8/gems/rack-1.0.1/lib/rack/methodoverride.rb:24:in `call'
    /usr/lib/ruby/gems/1.8/gems/actionpack-2.3.5/lib/action_controller/params_parser.rb:15:in `call'
    /usr/lib/ruby/gems/1.8/gems/actionpack-2.3.5/lib/action_controller/session/cookie_store.rb:93:in `call'
    /usr/lib/ruby/gems/1.8/gems/actionpack-2.3.5/lib/action_controller/failsafe.rb:26:in `call'
    /usr/lib/ruby/gems/1.8/gems/rack-1.0.1/lib/rack/lock.rb:11:in `call'
    /usr/lib/ruby/gems/1.8/gems/rack-1.0.1/lib/rack/lock.rb:11:in `synchronize'
    /usr/lib/ruby/gems/1.8/gems/rack-1.0.1/lib/rack/lock.rb:11:in `call'
    /usr/lib/ruby/gems/1.8/gems/actionpack-2.3.5/lib/action_controller/dispatcher.rb:114:in `call'
    /usr/lib/ruby/gems/1.8/gems/actionpack-2.3.5/lib/action_controller/reloader.rb:34:in `run'
    /usr/lib/ruby/gems/1.8/gems/actionpack-2.3.5/lib/action_controller/dispatcher.rb:108:in `call'
    /usr/lib/ruby/gems/1.8/gems/rails-2.3.5/lib/rails/rack/static.rb:31:in `call'
    /usr/lib/ruby/gems/1.8/gems/rack-1.0.1/lib/rack/urlmap.rb:46:in `call'
    /usr/lib/ruby/gems/1.8/gems/rack-1.0.1/lib/rack/urlmap.rb:40:in `each'
    /usr/lib/ruby/gems/1.8/gems/rack-1.0.1/lib/rack/urlmap.rb:40:in `call'
    /usr/lib/ruby/gems/1.8/gems/rails-2.3.5/lib/rails/rack/log_tailer.rb:17:in `call'
    /usr/lib/ruby/gems/1.8/gems/rack-1.0.1/lib/rack/content_length.rb:13:in `call'
    /usr/lib/ruby/gems/1.8/gems/rack-1.0.1/lib/rack/chunked.rb:15:in `call'
    /usr/lib/ruby/gems/1.8/gems/rack-1.0.1/lib/rack/handler/mongrel.rb:64:in `process'
    /usr/lib/ruby/gems/1.8/gems/mongrel-1.1.5/lib/mongrel.rb:159:in `process_client'
    /usr/lib/ruby/gems/1.8/gems/mongrel-1.1.5/lib/mongrel.rb:158:in `each'
    /usr/lib/ruby/gems/1.8/gems/mongrel-1.1.5/lib/mongrel.rb:158:in `process_client'
    /usr/lib/ruby/gems/1.8/gems/mongrel-1.1.5/lib/mongrel.rb:285:in `run'
    /usr/lib/ruby/gems/1.8/gems/mongrel-1.1.5/lib/mongrel.rb:285:in `initialize'
    /usr/lib/ruby/gems/1.8/gems/mongrel-1.1.5/lib/mongrel.rb:285:in `new'
    /usr/lib/ruby/gems/1.8/gems/mongrel-1.1.5/lib/mongrel.rb:285:in `run'
    /usr/lib/ruby/gems/1.8/gems/mongrel-1.1.5/lib/mongrel.rb:268:in `initialize'
    /usr/lib/ruby/gems/1.8/gems/mongrel-1.1.5/lib/mongrel.rb:268:in `new'
    /usr/lib/ruby/gems/1.8/gems/mongrel-1.1.5/lib/mongrel.rb:268:in `run'
    /usr/lib/ruby/gems/1.8/gems/rack-1.0.1/lib/rack/handler/mongrel.rb:34:in `run'
    /usr/lib/ruby/gems/1.8/gems/rails-2.3.5/lib/commands/server.rb:111
    /usr/local/lib/site_ruby/1.8/rubygems/custom_require.rb:31:in `gem_original_require'
    /usr/local/lib/site_ruby/1.8/rubygems/custom_require.rb:31:in `require'
    script/server:3
/!\ FAILSAFE /!\  Fri Mar 26 20:13:39 +0000 2010
  Status: 500 Internal Server Error
  uninitialized constant Encoding
    /usr/lib/ruby/gems/1.8/gems/activesupport-2.3.5/lib/active_support/dependencies.rb:443:in `load_missing_constant'
    /usr/lib/ruby/gems/1.8/gems/activesupport-2.3.5/lib/active_support/dependencies.rb:80:in `const_missing'
    /usr/lib/ruby/gems/1.8/gems/activesupport-2.3.5/lib/active_support/dependencies.rb:92:in `const_missing'
    /usr/lib/ruby/gems/1.8/gems/sqlite3-0.0.3/lib/sqlite3/encoding.rb:9:in `find'
    /usr/lib/ruby/gems/1.8/gems/sqlite3-0.0.3/lib/sqlite3/database.rb:69:in `initialize'
    /usr/lib/ruby/gems/1.8/gems/activerecord-2.3.5/lib/active_record/connection_adapters/sqlite3_adapter.rb:13:in `new'
    /usr/lib/ruby/gems/1.8/gems/activerecord-2.3.5/lib/active_record/connection_adapters/sqlite3_adapter.rb:13:in `sqlite3_connection'
    /usr/lib/ruby/gems/1.8/gems/activerecord-2.3.5/lib/active_record/connection_adapters/abstract/connection_pool.rb:223:in `send'
    /usr/lib/ruby/gems/1.8/gems/activerecord-2.3.5/lib/active_record/connection_adapters/abstract/connection_pool.rb:223:in `new_connection'
    /usr/lib/ruby/gems/1.8/gems/activerecord-2.3.5/lib/active_record/connection_adapters/abstract/connection_pool.rb:245:in `checkout_new_connection'
    /usr/lib/ruby/gems/1.8/gems/activerecord-2.3.5/lib/active_record/connection_adapters/abstract/connection_pool.rb:188:in `checkout'
    /usr/lib/ruby/gems/1.8/gems/activerecord-2.3.5/lib/active_record/connection_adapters/abstract/connection_pool.rb:184:in `loop'
    /usr/lib/ruby/gems/1.8/gems/activerecord-2.3.5/lib/active_record/connection_adapters/abstract/connection_pool.rb:184:in `checkout'
    /usr/lib/ruby/1.8/monitor.rb:242:in `synchronize'
    /usr/lib/ruby/gems/1.8/gems/activerecord-2.3.5/lib/active_record/connection_adapters/abstract/connection_pool.rb:183:in `checkout'
    /usr/lib/ruby/gems/1.8/gems/activerecord-2.3.5/lib/active_record/connection_adapters/abstract/connection_pool.rb:98:in `connection'
    /usr/lib/ruby/gems/1.8/gems/activerecord-2.3.5/lib/active_record/connection_adapters/abstract/connection_pool.rb:326:in `retrieve_connection'
    /usr/lib/ruby/gems/1.8/gems/activerecord-2.3.5/lib/active_record/connection_adapters/abstract/connection_specification.rb:123:in `retrieve_connection'
    /usr/lib/ruby/gems/1.8/gems/activerecord-2.3.5/lib/active_record/connection_adapters/abstract/connection_specification.rb:115:in `connection'
    /usr/lib/ruby/gems/1.8/gems/activerecord-2.3.5/lib/active_record/query_cache.rb:9:in `cache'
    /usr/lib/ruby/gems/1.8/gems/activerecord-2.3.5/lib/active_record/query_cache.rb:28:in `call'
    /usr/lib/ruby/gems/1.8/gems/activerecord-2.3.5/lib/active_record/connection_adapters/abstract/connection_pool.rb:361:in `call'
    /usr/lib/ruby/gems/1.8/gems/actionpack-2.3.5/lib/action_controller/string_coercion.rb:25:in `call'
    /usr/lib/ruby/gems/1.8/gems/rack-1.0.1/lib/rack/head.rb:9:in `call'
    /usr/lib/ruby/gems/1.8/gems/rack-1.0.1/lib/rack/methodoverride.rb:24:in `call'
    /usr/lib/ruby/gems/1.8/gems/actionpack-2.3.5/lib/action_controller/params_parser.rb:15:in `call'
    /usr/lib/ruby/gems/1.8/gems/actionpack-2.3.5/lib/action_controller/session/cookie_store.rb:93:in `call'
    /usr/lib/ruby/gems/1.8/gems/actionpack-2.3.5/lib/action_controller/failsafe.rb:26:in `call'
    /usr/lib/ruby/gems/1.8/gems/rack-1.0.1/lib/rack/lock.rb:11:in `call'
    /usr/lib/ruby/gems/1.8/gems/rack-1.0.1/lib/rack/lock.rb:11:in `synchronize'
    /usr/lib/ruby/gems/1.8/gems/rack-1.0.1/lib/rack/lock.rb:11:in `call'
    /usr/lib/ruby/gems/1.8/gems/actionpack-2.3.5/lib/action_controller/dispatcher.rb:114:in `call'
    /usr/lib/ruby/gems/1.8/gems/actionpack-2.3.5/lib/action_controller/reloader.rb:34:in `run'
    /usr/lib/ruby/gems/1.8/gems/actionpack-2.3.5/lib/action_controller/dispatcher.rb:108:in `call'
    /usr/lib/ruby/gems/1.8/gems/rails-2.3.5/lib/rails/rack/static.rb:31:in `call'
    /usr/lib/ruby/gems/1.8/gems/rack-1.0.1/lib/rack/urlmap.rb:46:in `call'
    /usr/lib/ruby/gems/1.8/gems/rack-1.0.1/lib/rack/urlmap.rb:40:in `each'
    /usr/lib/ruby/gems/1.8/gems/rack-1.0.1/lib/rack/urlmap.rb:40:in `call'
    /usr/lib/ruby/gems/1.8/gems/rails-2.3.5/lib/rails/rack/log_tailer.rb:17:in `call'
    /usr/lib/ruby/gems/1.8/gems/rack-1.0.1/lib/rack/content_length.rb:13:in `call'
    /usr/lib/ruby/gems/1.8/gems/rack-1.0.1/lib/rack/chunked.rb:15:in `call'
    /usr/lib/ruby/gems/1.8/gems/rack-1.0.1/lib/rack/handler/mongrel.rb:64:in `process'
    /usr/lib/ruby/gems/1.8/gems/mongrel-1.1.5/lib/mongrel.rb:159:in `process_client'
    /usr/lib/ruby/gems/1.8/gems/mongrel-1.1.5/lib/mongrel.rb:158:in `each'
    /usr/lib/ruby/gems/1.8/gems/mongrel-1.1.5/lib/mongrel.rb:158:in `process_client'
    /usr/lib/ruby/gems/1.8/gems/mongrel-1.1.5/lib/mongrel.rb:285:in `run'
    /usr/lib/ruby/gems/1.8/gems/mongrel-1.1.5/lib/mongrel.rb:285:in `initialize'
    /usr/lib/ruby/gems/1.8/gems/mongrel-1.1.5/lib/mongrel.rb:285:in `new'
    /usr/lib/ruby/gems/1.8/gems/mongrel-1.1.5/lib/mongrel.rb:285:in `run'
    /usr/lib/ruby/gems/1.8/gems/mongrel-1.1.5/lib/mongrel.rb:268:in `initialize'
    /usr/lib/ruby/gems/1.8/gems/mongrel-1.1.5/lib/mongrel.rb:268:in `new'
    /usr/lib/ruby/gems/1.8/gems/mongrel-1.1.5/lib/mongrel.rb:268:in `run'
    /usr/lib/ruby/gems/1.8/gems/rack-1.0.1/lib/rack/handler/mongrel.rb:34:in `run'
    /usr/lib/ruby/gems/1.8/gems/rails-2.3.5/lib/commands/server.rb:111
    /usr/local/lib/site_ruby/1.8/rubygems/custom_require.rb:31:in `gem_original_require'
    /usr/local/lib/site_ruby/1.8/rubygems/custom_require.rb:31:in `require'
    script/server:3
/!\ FAILSAFE /!\  Fri Mar 26 20:13:40 +0000 2010
  Status: 500 Internal Server Error
  uninitialized constant Encoding
    /usr/lib/ruby/gems/1.8/gems/activesupport-2.3.5/lib/active_support/dependencies.rb:443:in `load_missing_constant'
    /usr/lib/ruby/gems/1.8/gems/activesupport-2.3.5/lib/active_support/dependencies.rb:80:in `const_missing'
    /usr/lib/ruby/gems/1.8/gems/activesupport-2.3.5/lib/active_support/dependencies.rb:92:in `const_missing'
    /usr/lib/ruby/gems/1.8/gems/sqlite3-0.0.3/lib/sqlite3/encoding.rb:9:in `find'
    /usr/lib/ruby/gems/1.8/gems/sqlite3-0.0.3/lib/sqlite3/database.rb:69:in `initialize'
    /usr/lib/ruby/gems/1.8/gems/activerecord-2.3.5/lib/active_record/connection_adapters/sqlite3_adapter.rb:13:in `new'
    /usr/lib/ruby/gems/1.8/gems/activerecord-2.3.5/lib/active_record/connection_adapters/sqlite3_adapter.rb:13:in `sqlite3_connection'
    /usr/lib/ruby/gems/1.8/gems/activerecord-2.3.5/lib/active_record/connection_adapters/abstract/connection_pool.rb:223:in `send'
    /usr/lib/ruby/gems/1.8/gems/activerecord-2.3.5/lib/active_record/connection_adapters/abstract/connection_pool.rb:223:in `new_connection'
    /usr/lib/ruby/gems/1.8/gems/activerecord-2.3.5/lib/active_record/connection_adapters/abstract/connection_pool.rb:245:in `checkout_new_connection'
    /usr/lib/ruby/gems/1.8/gems/activerecord-2.3.5/lib/active_record/connection_adapters/abstract/connection_pool.rb:188:in `checkout'
    /usr/lib/ruby/gems/1.8/gems/activerecord-2.3.5/lib/active_record/connection_adapters/abstract/connection_pool.rb:184:in `loop'
    /usr/lib/ruby/gems/1.8/gems/activerecord-2.3.5/lib/active_record/connection_adapters/abstract/connection_pool.rb:184:in `checkout'
    /usr/lib/ruby/1.8/monitor.rb:242:in `synchronize'
    /usr/lib/ruby/gems/1.8/gems/activerecord-2.3.5/lib/active_record/connection_adapters/abstract/connection_pool.rb:183:in `checkout'
    /usr/lib/ruby/gems/1.8/gems/activerecord-2.3.5/lib/active_record/connection_adapters/abstract/connection_pool.rb:98:in `connection'
    /usr/lib/ruby/gems/1.8/gems/activerecord-2.3.5/lib/active_record/connection_adapters/abstract/connection_pool.rb:326:in `retrieve_connection'
    /usr/lib/ruby/gems/1.8/gems/activerecord-2.3.5/lib/active_record/connection_adapters/abstract/connection_specification.rb:123:in `retrieve_connection'
    /usr/lib/ruby/gems/1.8/gems/activerecord-2.3.5/lib/active_record/connection_adapters/abstract/connection_specification.rb:115:in `connection'
    /usr/lib/ruby/gems/1.8/gems/activerecord-2.3.5/lib/active_record/query_cache.rb:9:in `cache'
    /usr/lib/ruby/gems/1.8/gems/activerecord-2.3.5/lib/active_record/query_cache.rb:28:in `call'
    /usr/lib/ruby/gems/1.8/gems/activerecord-2.3.5/lib/active_record/connection_adapters/abstract/connection_pool.rb:361:in `call'
    /usr/lib/ruby/gems/1.8/gems/actionpack-2.3.5/lib/action_controller/string_coercion.rb:25:in `call'
    /usr/lib/ruby/gems/1.8/gems/rack-1.0.1/lib/rack/head.rb:9:in `call'
    /usr/lib/ruby/gems/1.8/gems/rack-1.0.1/lib/rack/methodoverride.rb:24:in `call'
    /usr/lib/ruby/gems/1.8/gems/actionpack-2.3.5/lib/action_controller/params_parser.rb:15:in `call'
    /usr/lib/ruby/gems/1.8/gems/actionpack-2.3.5/lib/action_controller/session/cookie_store.rb:93:in `call'
    /usr/lib/ruby/gems/1.8/gems/actionpack-2.3.5/lib/action_controller/failsafe.rb:26:in `call'
    /usr/lib/ruby/gems/1.8/gems/rack-1.0.1/lib/rack/lock.rb:11:in `call'
    /usr/lib/ruby/gems/1.8/gems/rack-1.0.1/lib/rack/lock.rb:11:in `synchronize'
    /usr/lib/ruby/gems/1.8/gems/rack-1.0.1/lib/rack/lock.rb:11:in `call'
    /usr/lib/ruby/gems/1.8/gems/actionpack-2.3.5/lib/action_controller/dispatcher.rb:114:in `call'
    /usr/lib/ruby/gems/1.8/gems/actionpack-2.3.5/lib/action_controller/reloader.rb:34:in `run'
    /usr/lib/ruby/gems/1.8/gems/actionpack-2.3.5/lib/action_controller/dispatcher.rb:108:in `call'
    /usr/lib/ruby/gems/1.8/gems/rails-2.3.5/lib/rails/rack/static.rb:31:in `call'
    /usr/lib/ruby/gems/1.8/gems/rack-1.0.1/lib/rack/urlmap.rb:46:in `call'
    /usr/lib/ruby/gems/1.8/gems/rack-1.0.1/lib/rack/urlmap.rb:40:in `each'
    /usr/lib/ruby/gems/1.8/gems/rack-1.0.1/lib/rack/urlmap.rb:40:in `call'
    /usr/lib/ruby/gems/1.8/gems/rails-2.3.5/lib/rails/rack/log_tailer.rb:17:in `call'
    /usr/lib/ruby/gems/1.8/gems/rack-1.0.1/lib/rack/content_length.rb:13:in `call'
    /usr/lib/ruby/gems/1.8/gems/rack-1.0.1/lib/rack/chunked.rb:15:in `call'
    /usr/lib/ruby/gems/1.8/gems/rack-1.0.1/lib/rack/handler/mongrel.rb:64:in `process'
    /usr/lib/ruby/gems/1.8/gems/mongrel-1.1.5/lib/mongrel.rb:159:in `process_client'
    /usr/lib/ruby/gems/1.8/gems/mongrel-1.1.5/lib/mongrel.rb:158:in `each'
    /usr/lib/ruby/gems/1.8/gems/mongrel-1.1.5/lib/mongrel.rb:158:in `process_client'
    /usr/lib/ruby/gems/1.8/gems/mongrel-1.1.5/lib/mongrel.rb:285:in `run'
    /usr/lib/ruby/gems/1.8/gems/mongrel-1.1.5/lib/mongrel.rb:285:in `initialize'
    /usr/lib/ruby/gems/1.8/gems/mongrel-1.1.5/lib/mongrel.rb:285:in `new'
    /usr/lib/ruby/gems/1.8/gems/mongrel-1.1.5/lib/mongrel.rb:285:in `run'
    /usr/lib/ruby/gems/1.8/gems/mongrel-1.1.5/lib/mongrel.rb:268:in `initialize'
    /usr/lib/ruby/gems/1.8/gems/mongrel-1.1.5/lib/mongrel.rb:268:in `new'
    /usr/lib/ruby/gems/1.8/gems/mongrel-1.1.5/lib/mongrel.rb:268:in `run'
    /usr/lib/ruby/gems/1.8/gems/rack-1.0.1/lib/rack/handler/mongrel.rb:34:in `run'
    /usr/lib/ruby/gems/1.8/gems/rails-2.3.5/lib/commands/server.rb:111
    /usr/local/lib/site_ruby/1.8/rubygems/custom_require.rb:31:in `gem_original_require'
    /usr/local/lib/site_ruby/1.8/rubygems/custom_require.rb:31:in `require'
    script/server:3
/!\ FAILSAFE /!\  Fri Mar 26 20:13:40 +0000 2010
  Status: 500 Internal Server Error
  uninitialized constant Encoding
    /usr/lib/ruby/gems/1.8/gems/activesupport-2.3.5/lib/active_support/dependencies.rb:443:in `load_missing_constant'
    /usr/lib/ruby/gems/1.8/gems/activesupport-2.3.5/lib/active_support/dependencies.rb:80:in `const_missing'
    /usr/lib/ruby/gems/1.8/gems/activesupport-2.3.5/lib/active_support/dependencies.rb:92:in `const_missing'
    /usr/lib/ruby/gems/1.8/gems/sqlite3-0.0.3/lib/sqlite3/encoding.rb:9:in `find'
    /usr/lib/ruby/gems/1.8/gems/sqlite3-0.0.3/lib/sqlite3/database.rb:69:in `initialize'
    /usr/lib/ruby/gems/1.8/gems/activerecord-2.3.5/lib/active_record/connection_adapters/sqlite3_adapter.rb:13:in `new'
    /usr/lib/ruby/gems/1.8/gems/activerecord-2.3.5/lib/active_record/connection_adapters/sqlite3_adapter.rb:13:in `sqlite3_connection'
    /usr/lib/ruby/gems/1.8/gems/activerecord-2.3.5/lib/active_record/connection_adapters/abstract/connection_pool.rb:223:in `send'
    /usr/lib/ruby/gems/1.8/gems/activerecord-2.3.5/lib/active_record/connection_adapters/abstract/connection_pool.rb:223:in `new_connection'
    /usr/lib/ruby/gems/1.8/gems/activerecord-2.3.5/lib/active_record/connection_adapters/abstract/connection_pool.rb:245:in `checkout_new_connection'
    /usr/lib/ruby/gems/1.8/gems/activerecord-2.3.5/lib/active_record/connection_adapters/abstract/connection_pool.rb:188:in `checkout'
    /usr/lib/ruby/gems/1.8/gems/activerecord-2.3.5/lib/active_record/connection_adapters/abstract/connection_pool.rb:184:in `loop'
    /usr/lib/ruby/gems/1.8/gems/activerecord-2.3.5/lib/active_record/connection_adapters/abstract/connection_pool.rb:184:in `checkout'
    /usr/lib/ruby/1.8/monitor.rb:242:in `synchronize'
    /usr/lib/ruby/gems/1.8/gems/activerecord-2.3.5/lib/active_record/connection_adapters/abstract/connection_pool.rb:183:in `checkout'
    /usr/lib/ruby/gems/1.8/gems/activerecord-2.3.5/lib/active_record/connection_adapters/abstract/connection_pool.rb:98:in `connection'
    /usr/lib/ruby/gems/1.8/gems/activerecord-2.3.5/lib/active_record/connection_adapters/abstract/connection_pool.rb:326:in `retrieve_connection'
    /usr/lib/ruby/gems/1.8/gems/activerecord-2.3.5/lib/active_record/connection_adapters/abstract/connection_specification.rb:123:in `retrieve_connection'
    /usr/lib/ruby/gems/1.8/gems/activerecord-2.3.5/lib/active_record/connection_adapters/abstract/connection_specification.rb:115:in `connection'
    /usr/lib/ruby/gems/1.8/gems/activerecord-2.3.5/lib/active_record/query_cache.rb:9:in `cache'
    /usr/lib/ruby/gems/1.8/gems/activerecord-2.3.5/lib/active_record/query_cache.rb:28:in `call'
    /usr/lib/ruby/gems/1.8/gems/activerecord-2.3.5/lib/active_record/connection_adapters/abstract/connection_pool.rb:361:in `call'
    /usr/lib/ruby/gems/1.8/gems/actionpack-2.3.5/lib/action_controller/string_coercion.rb:25:in `call'
    /usr/lib/ruby/gems/1.8/gems/rack-1.0.1/lib/rack/head.rb:9:in `call'
    /usr/lib/ruby/gems/1.8/gems/rack-1.0.1/lib/rack/methodoverride.rb:24:in `call'
    /usr/lib/ruby/gems/1.8/gems/actionpack-2.3.5/lib/action_controller/params_parser.rb:15:in `call'
    /usr/lib/ruby/gems/1.8/gems/actionpack-2.3.5/lib/action_controller/session/cookie_store.rb:93:in `call'
    /usr/lib/ruby/gems/1.8/gems/actionpack-2.3.5/lib/action_controller/failsafe.rb:26:in `call'
    /usr/lib/ruby/gems/1.8/gems/rack-1.0.1/lib/rack/lock.rb:11:in `call'
    /usr/lib/ruby/gems/1.8/gems/rack-1.0.1/lib/rack/lock.rb:11:in `synchronize'
    /usr/lib/ruby/gems/1.8/gems/rack-1.0.1/lib/rack/lock.rb:11:in `call'
    /usr/lib/ruby/gems/1.8/gems/actionpack-2.3.5/lib/action_controller/dispatcher.rb:114:in `call'
    /usr/lib/ruby/gems/1.8/gems/actionpack-2.3.5/lib/action_controller/reloader.rb:34:in `run'
    /usr/lib/ruby/gems/1.8/gems/actionpack-2.3.5/lib/action_controller/dispatcher.rb:108:in `call'
    /usr/lib/ruby/gems/1.8/gems/rails-2.3.5/lib/rails/rack/static.rb:31:in `call'
    /usr/lib/ruby/gems/1.8/gems/rack-1.0.1/lib/rack/urlmap.rb:46:in `call'
    /usr/lib/ruby/gems/1.8/gems/rack-1.0.1/lib/rack/urlmap.rb:40:in `each'
    /usr/lib/ruby/gems/1.8/gems/rack-1.0.1/lib/rack/urlmap.rb:40:in `call'
    /usr/lib/ruby/gems/1.8/gems/rails-2.3.5/lib/rails/rack/log_tailer.rb:17:in `call'
    /usr/lib/ruby/gems/1.8/gems/rack-1.0.1/lib/rack/content_length.rb:13:in `call'
    /usr/lib/ruby/gems/1.8/gems/rack-1.0.1/lib/rack/chunked.rb:15:in `call'
    /usr/lib/ruby/gems/1.8/gems/rack-1.0.1/lib/rack/handler/mongrel.rb:64:in `process'
    /usr/lib/ruby/gems/1.8/gems/mongrel-1.1.5/lib/mongrel.rb:159:in `process_client'
    /usr/lib/ruby/gems/1.8/gems/mongrel-1.1.5/lib/mongrel.rb:158:in `each'
    /usr/lib/ruby/gems/1.8/gems/mongrel-1.1.5/lib/mongrel.rb:158:in `process_client'
    /usr/lib/ruby/gems/1.8/gems/mongrel-1.1.5/lib/mongrel.rb:285:in `run'
    /usr/lib/ruby/gems/1.8/gems/mongrel-1.1.5/lib/mongrel.rb:285:in `initialize'
    /usr/lib/ruby/gems/1.8/gems/mongrel-1.1.5/lib/mongrel.rb:285:in `new'
    /usr/lib/ruby/gems/1.8/gems/mongrel-1.1.5/lib/mongrel.rb:285:in `run'
    /usr/lib/ruby/gems/1.8/gems/mongrel-1.1.5/lib/mongrel.rb:268:in `initialize'
    /usr/lib/ruby/gems/1.8/gems/mongrel-1.1.5/lib/mongrel.rb:268:in `new'
    /usr/lib/ruby/gems/1.8/gems/mongrel-1.1.5/lib/mongrel.rb:268:in `run'
    /usr/lib/ruby/gems/1.8/gems/rack-1.0.1/lib/rack/handler/mongrel.rb:34:in `run'
    /usr/lib/ruby/gems/1.8/gems/rails-2.3.5/lib/commands/server.rb:111
    /usr/local/lib/site_ruby/1.8/rubygems/custom_require.rb:31:in `gem_original_require'
    /usr/local/lib/site_ruby/1.8/rubygems/custom_require.rb:31:in `require'
    script/server:3
/!\ FAILSAFE /!\  Fri Mar 26 20:13:40 +0000 2010
  Status: 500 Internal Server Error
  uninitialized constant Encoding
    /usr/lib/ruby/gems/1.8/gems/activesupport-2.3.5/lib/active_support/dependencies.rb:443:in `load_missing_constant'
    /usr/lib/ruby/gems/1.8/gems/activesupport-2.3.5/lib/active_support/dependencies.rb:80:in `const_missing'
    /usr/lib/ruby/gems/1.8/gems/activesupport-2.3.5/lib/active_support/dependencies.rb:92:in `const_missing'
    /usr/lib/ruby/gems/1.8/gems/sqlite3-0.0.3/lib/sqlite3/encoding.rb:9:in `find'
    /usr/lib/ruby/gems/1.8/gems/sqlite3-0.0.3/lib/sqlite3/database.rb:69:in `initialize'
    /usr/lib/ruby/gems/1.8/gems/activerecord-2.3.5/lib/active_record/connection_adapters/sqlite3_adapter.rb:13:in `new'
    /usr/lib/ruby/gems/1.8/gems/activerecord-2.3.5/lib/active_record/connection_adapters/sqlite3_adapter.rb:13:in `sqlite3_connection'
    /usr/lib/ruby/gems/1.8/gems/activerecord-2.3.5/lib/active_record/connection_adapters/abstract/connection_pool.rb:223:in `send'
    /usr/lib/ruby/gems/1.8/gems/activerecord-2.3.5/lib/active_record/connection_adapters/abstract/connection_pool.rb:223:in `new_connection'
    /usr/lib/ruby/gems/1.8/gems/activerecord-2.3.5/lib/active_record/connection_adapters/abstract/connection_pool.rb:245:in `checkout_new_connection'
    /usr/lib/ruby/gems/1.8/gems/activerecord-2.3.5/lib/active_record/connection_adapters/abstract/connection_pool.rb:188:in `checkout'
    /usr/lib/ruby/gems/1.8/gems/activerecord-2.3.5/lib/active_record/connection_adapters/abstract/connection_pool.rb:184:in `loop'
    /usr/lib/ruby/gems/1.8/gems/activerecord-2.3.5/lib/active_record/connection_adapters/abstract/connection_pool.rb:184:in `checkout'
    /usr/lib/ruby/1.8/monitor.rb:242:in `synchronize'
    /usr/lib/ruby/gems/1.8/gems/activerecord-2.3.5/lib/active_record/connection_adapters/abstract/connection_pool.rb:183:in `checkout'
    /usr/lib/ruby/gems/1.8/gems/activerecord-2.3.5/lib/active_record/connection_adapters/abstract/connection_pool.rb:98:in `connection'
    /usr/lib/ruby/gems/1.8/gems/activerecord-2.3.5/lib/active_record/connection_adapters/abstract/connection_pool.rb:326:in `retrieve_connection'
    /usr/lib/ruby/gems/1.8/gems/activerecord-2.3.5/lib/active_record/connection_adapters/abstract/connection_specification.rb:123:in `retrieve_connection'
    /usr/lib/ruby/gems/1.8/gems/activerecord-2.3.5/lib/active_record/connection_adapters/abstract/connection_specification.rb:115:in `connection'
    /usr/lib/ruby/gems/1.8/gems/activerecord-2.3.5/lib/active_record/query_cache.rb:9:in `cache'
    /usr/lib/ruby/gems/1.8/gems/activerecord-2.3.5/lib/active_record/query_cache.rb:28:in `call'
    /usr/lib/ruby/gems/1.8/gems/activerecord-2.3.5/lib/active_record/connection_adapters/abstract/connection_pool.rb:361:in `call'
    /usr/lib/ruby/gems/1.8/gems/actionpack-2.3.5/lib/action_controller/string_coercion.rb:25:in `call'
    /usr/lib/ruby/gems/1.8/gems/rack-1.0.1/lib/rack/head.rb:9:in `call'
    /usr/lib/ruby/gems/1.8/gems/rack-1.0.1/lib/rack/methodoverride.rb:24:in `call'
    /usr/lib/ruby/gems/1.8/gems/actionpack-2.3.5/lib/action_controller/params_parser.rb:15:in `call'
    /usr/lib/ruby/gems/1.8/gems/actionpack-2.3.5/lib/action_controller/session/cookie_store.rb:93:in `call'
    /usr/lib/ruby/gems/1.8/gems/actionpack-2.3.5/lib/action_controller/failsafe.rb:26:in `call'
    /usr/lib/ruby/gems/1.8/gems/rack-1.0.1/lib/rack/lock.rb:11:in `call'
    /usr/lib/ruby/gems/1.8/gems/rack-1.0.1/lib/rack/lock.rb:11:in `synchronize'
    /usr/lib/ruby/gems/1.8/gems/rack-1.0.1/lib/rack/lock.rb:11:in `call'
    /usr/lib/ruby/gems/1.8/gems/actionpack-2.3.5/lib/action_controller/dispatcher.rb:114:in `call'
    /usr/lib/ruby/gems/1.8/gems/actionpack-2.3.5/lib/action_controller/reloader.rb:34:in `run'
    /usr/lib/ruby/gems/1.8/gems/actionpack-2.3.5/lib/action_controller/dispatcher.rb:108:in `call'
    /usr/lib/ruby/gems/1.8/gems/rails-2.3.5/lib/rails/rack/static.rb:31:in `call'
    /usr/lib/ruby/gems/1.8/gems/rack-1.0.1/lib/rack/urlmap.rb:46:in `call'
    /usr/lib/ruby/gems/1.8/gems/rack-1.0.1/lib/rack/urlmap.rb:40:in `each'
    /usr/lib/ruby/gems/1.8/gems/rack-1.0.1/lib/rack/urlmap.rb:40:in `call'
    /usr/lib/ruby/gems/1.8/gems/rails-2.3.5/lib/rails/rack/log_tailer.rb:17:in `call'
    /usr/lib/ruby/gems/1.8/gems/rack-1.0.1/lib/rack/content_length.rb:13:in `call'
    /usr/lib/ruby/gems/1.8/gems/rack-1.0.1/lib/rack/chunked.rb:15:in `call'
    /usr/lib/ruby/gems/1.8/gems/rack-1.0.1/lib/rack/handler/mongrel.rb:64:in `process'
    /usr/lib/ruby/gems/1.8/gems/mongrel-1.1.5/lib/mongrel.rb:159:in `process_client'
    /usr/lib/ruby/gems/1.8/gems/mongrel-1.1.5/lib/mongrel.rb:158:in `each'
    /usr/lib/ruby/gems/1.8/gems/mongrel-1.1.5/lib/mongrel.rb:158:in `process_client'
    /usr/lib/ruby/gems/1.8/gems/mongrel-1.1.5/lib/mongrel.rb:285:in `run'
    /usr/lib/ruby/gems/1.8/gems/mongrel-1.1.5/lib/mongrel.rb:285:in `initialize'
    /usr/lib/ruby/gems/1.8/gems/mongrel-1.1.5/lib/mongrel.rb:285:in `new'
    /usr/lib/ruby/gems/1.8/gems/mongrel-1.1.5/lib/mongrel.rb:285:in `run'
    /usr/lib/ruby/gems/1.8/gems/mongrel-1.1.5/lib/mongrel.rb:268:in `initialize'
    /usr/lib/ruby/gems/1.8/gems/mongrel-1.1.5/lib/mongrel.rb:268:in `new'
    /usr/lib/ruby/gems/1.8/gems/mongrel-1.1.5/lib/mongrel.rb:268:in `run'
    /usr/lib/ruby/gems/1.8/gems/rack-1.0.1/lib/rack/handler/mongrel.rb:34:in `run'
    /usr/lib/ruby/gems/1.8/gems/rails-2.3.5/lib/commands/server.rb:111
    /usr/local/lib/site_ruby/1.8/rubygems/custom_require.rb:31:in `gem_original_require'
    /usr/local/lib/site_ruby/1.8/rubygems/custom_require.rb:31:in `require'
    script/server:3
/!\ FAILSAFE /!\  Fri Mar 26 20:13:58 +0000 2010
  Status: 500 Internal Server Error
  uninitialized constant Encoding
    /usr/lib/ruby/gems/1.8/gems/activesupport-2.3.5/lib/active_support/dependencies.rb:443:in `load_missing_constant'
    /usr/lib/ruby/gems/1.8/gems/activesupport-2.3.5/lib/active_support/dependencies.rb:80:in `const_missing'
    /usr/lib/ruby/gems/1.8/gems/activesupport-2.3.5/lib/active_support/dependencies.rb:92:in `const_missing'
    /usr/lib/ruby/gems/1.8/gems/sqlite3-0.0.3/lib/sqlite3/encoding.rb:9:in `find'
    /usr/lib/ruby/gems/1.8/gems/sqlite3-0.0.3/lib/sqlite3/database.rb:69:in `initialize'
    /usr/lib/ruby/gems/1.8/gems/activerecord-2.3.5/lib/active_record/connection_adapters/sqlite3_adapter.rb:13:in `new'
    /usr/lib/ruby/gems/1.8/gems/activerecord-2.3.5/lib/active_record/connection_adapters/sqlite3_adapter.rb:13:in `sqlite3_connection'
    /usr/lib/ruby/gems/1.8/gems/activerecord-2.3.5/lib/active_record/connection_adapters/abstract/connection_pool.rb:223:in `send'
    /usr/lib/ruby/gems/1.8/gems/activerecord-2.3.5/lib/active_record/connection_adapters/abstract/connection_pool.rb:223:in `new_connection'
    /usr/lib/ruby/gems/1.8/gems/activerecord-2.3.5/lib/active_record/connection_adapters/abstract/connection_pool.rb:245:in `checkout_new_connection'
    /usr/lib/ruby/gems/1.8/gems/activerecord-2.3.5/lib/active_record/connection_adapters/abstract/connection_pool.rb:188:in `checkout'
    /usr/lib/ruby/gems/1.8/gems/activerecord-2.3.5/lib/active_record/connection_adapters/abstract/connection_pool.rb:184:in `loop'
    /usr/lib/ruby/gems/1.8/gems/activerecord-2.3.5/lib/active_record/connection_adapters/abstract/connection_pool.rb:184:in `checkout'
    /usr/lib/ruby/1.8/monitor.rb:242:in `synchronize'
    /usr/lib/ruby/gems/1.8/gems/activerecord-2.3.5/lib/active_record/connection_adapters/abstract/connection_pool.rb:183:in `checkout'
    /usr/lib/ruby/gems/1.8/gems/activerecord-2.3.5/lib/active_record/connection_adapters/abstract/connection_pool.rb:98:in `connection'
    /usr/lib/ruby/gems/1.8/gems/activerecord-2.3.5/lib/active_record/connection_adapters/abstract/connection_pool.rb:326:in `retrieve_connection'
    /usr/lib/ruby/gems/1.8/gems/activerecord-2.3.5/lib/active_record/connection_adapters/abstract/connection_specification.rb:123:in `retrieve_connection'
    /usr/lib/ruby/gems/1.8/gems/activerecord-2.3.5/lib/active_record/connection_adapters/abstract/connection_specification.rb:115:in `connection'
    /usr/lib/ruby/gems/1.8/gems/activerecord-2.3.5/lib/active_record/query_cache.rb:9:in `cache'
    /usr/lib/ruby/gems/1.8/gems/activerecord-2.3.5/lib/active_record/query_cache.rb:28:in `call'
    /usr/lib/ruby/gems/1.8/gems/activerecord-2.3.5/lib/active_record/connection_adapters/abstract/connection_pool.rb:361:in `call'
    /usr/lib/ruby/gems/1.8/gems/actionpack-2.3.5/lib/action_controller/string_coercion.rb:25:in `call'
    /usr/lib/ruby/gems/1.8/gems/rack-1.0.1/lib/rack/head.rb:9:in `call'
    /usr/lib/ruby/gems/1.8/gems/rack-1.0.1/lib/rack/methodoverride.rb:24:in `call'
    /usr/lib/ruby/gems/1.8/gems/actionpack-2.3.5/lib/action_controller/params_parser.rb:15:in `call'
    /usr/lib/ruby/gems/1.8/gems/actionpack-2.3.5/lib/action_controller/session/cookie_store.rb:93:in `call'
    /usr/lib/ruby/gems/1.8/gems/actionpack-2.3.5/lib/action_controller/failsafe.rb:26:in `call'
    /usr/lib/ruby/gems/1.8/gems/rack-1.0.1/lib/rack/lock.rb:11:in `call'
    /usr/lib/ruby/gems/1.8/gems/rack-1.0.1/lib/rack/lock.rb:11:in `synchronize'
    /usr/lib/ruby/gems/1.8/gems/rack-1.0.1/lib/rack/lock.rb:11:in `call'
    /usr/lib/ruby/gems/1.8/gems/actionpack-2.3.5/lib/action_controller/dispatcher.rb:114:in `call'
    /usr/lib/ruby/gems/1.8/gems/actionpack-2.3.5/lib/action_controller/reloader.rb:34:in `run'
    /usr/lib/ruby/gems/1.8/gems/actionpack-2.3.5/lib/action_controller/dispatcher.rb:108:in `call'
    /usr/lib/ruby/gems/1.8/gems/rails-2.3.5/lib/rails/rack/static.rb:31:in `call'
    /usr/lib/ruby/gems/1.8/gems/rack-1.0.1/lib/rack/urlmap.rb:46:in `call'
    /usr/lib/ruby/gems/1.8/gems/rack-1.0.1/lib/rack/urlmap.rb:40:in `each'
    /usr/lib/ruby/gems/1.8/gems/rack-1.0.1/lib/rack/urlmap.rb:40:in `call'
    /usr/lib/ruby/gems/1.8/gems/rails-2.3.5/lib/rails/rack/log_tailer.rb:17:in `call'
    /usr/lib/ruby/gems/1.8/gems/rack-1.0.1/lib/rack/content_length.rb:13:in `call'
    /usr/lib/ruby/gems/1.8/gems/rack-1.0.1/lib/rack/chunked.rb:15:in `call'
    /usr/lib/ruby/gems/1.8/gems/rack-1.0.1/lib/rack/handler/mongrel.rb:64:in `process'
    /usr/lib/ruby/gems/1.8/gems/mongrel-1.1.5/lib/mongrel.rb:159:in `process_client'
    /usr/lib/ruby/gems/1.8/gems/mongrel-1.1.5/lib/mongrel.rb:158:in `each'
    /usr/lib/ruby/gems/1.8/gems/mongrel-1.1.5/lib/mongrel.rb:158:in `process_client'
    /usr/lib/ruby/gems/1.8/gems/mongrel-1.1.5/lib/mongrel.rb:285:in `run'
    /usr/lib/ruby/gems/1.8/gems/mongrel-1.1.5/lib/mongrel.rb:285:in `initialize'
    /usr/lib/ruby/gems/1.8/gems/mongrel-1.1.5/lib/mongrel.rb:285:in `new'
    /usr/lib/ruby/gems/1.8/gems/mongrel-1.1.5/lib/mongrel.rb:285:in `run'
    /usr/lib/ruby/gems/1.8/gems/mongrel-1.1.5/lib/mongrel.rb:268:in `initialize'
    /usr/lib/ruby/gems/1.8/gems/mongrel-1.1.5/lib/mongrel.rb:268:in `new'
    /usr/lib/ruby/gems/1.8/gems/mongrel-1.1.5/lib/mongrel.rb:268:in `run'
    /usr/lib/ruby/gems/1.8/gems/rack-1.0.1/lib/rack/handler/mongrel.rb:34:in `run'
    /usr/lib/ruby/gems/1.8/gems/rails-2.3.5/lib/commands/server.rb:111
    /usr/local/lib/site_ruby/1.8/rubygems/custom_require.rb:31:in `gem_original_require'
    /usr/local/lib/site_ruby/1.8/rubygems/custom_require.rb:31:in `require'
    script/server:3
/!\ FAILSAFE /!\  Fri Mar 26 20:14:14 +0000 2010
  Status: 500 Internal Server Error
  uninitialized constant Encoding
    /usr/lib/ruby/gems/1.8/gems/activesupport-2.3.5/lib/active_support/dependencies.rb:443:in `load_missing_constant'
    /usr/lib/ruby/gems/1.8/gems/activesupport-2.3.5/lib/active_support/dependencies.rb:80:in `const_missing'
    /usr/lib/ruby/gems/1.8/gems/activesupport-2.3.5/lib/active_support/dependencies.rb:92:in `const_missing'
    /usr/lib/ruby/gems/1.8/gems/sqlite3-0.0.3/lib/sqlite3/encoding.rb:9:in `find'
    /usr/lib/ruby/gems/1.8/gems/sqlite3-0.0.3/lib/sqlite3/database.rb:69:in `initialize'
    /usr/lib/ruby/gems/1.8/gems/activerecord-2.3.5/lib/active_record/connection_adapters/sqlite3_adapter.rb:13:in `new'
    /usr/lib/ruby/gems/1.8/gems/activerecord-2.3.5/lib/active_record/connection_adapters/sqlite3_adapter.rb:13:in `sqlite3_connection'
    /usr/lib/ruby/gems/1.8/gems/activerecord-2.3.5/lib/active_record/connection_adapters/abstract/connection_pool.rb:223:in `send'
    /usr/lib/ruby/gems/1.8/gems/activerecord-2.3.5/lib/active_record/connection_adapters/abstract/connection_pool.rb:223:in `new_connection'
    /usr/lib/ruby/gems/1.8/gems/activerecord-2.3.5/lib/active_record/connection_adapters/abstract/connection_pool.rb:245:in `checkout_new_connection'
    /usr/lib/ruby/gems/1.8/gems/activerecord-2.3.5/lib/active_record/connection_adapters/abstract/connection_pool.rb:188:in `checkout'
    /usr/lib/ruby/gems/1.8/gems/activerecord-2.3.5/lib/active_record/connection_adapters/abstract/connection_pool.rb:184:in `loop'
    /usr/lib/ruby/gems/1.8/gems/activerecord-2.3.5/lib/active_record/connection_adapters/abstract/connection_pool.rb:184:in `checkout'
    /usr/lib/ruby/1.8/monitor.rb:242:in `synchronize'
    /usr/lib/ruby/gems/1.8/gems/activerecord-2.3.5/lib/active_record/connection_adapters/abstract/connection_pool.rb:183:in `checkout'
    /usr/lib/ruby/gems/1.8/gems/activerecord-2.3.5/lib/active_record/connection_adapters/abstract/connection_pool.rb:98:in `connection'
    /usr/lib/ruby/gems/1.8/gems/activerecord-2.3.5/lib/active_record/connection_adapters/abstract/connection_pool.rb:326:in `retrieve_connection'
    /usr/lib/ruby/gems/1.8/gems/activerecord-2.3.5/lib/active_record/connection_adapters/abstract/connection_specification.rb:123:in `retrieve_connection'
    /usr/lib/ruby/gems/1.8/gems/activerecord-2.3.5/lib/active_record/connection_adapters/abstract/connection_specification.rb:115:in `connection'
    /usr/lib/ruby/gems/1.8/gems/activerecord-2.3.5/lib/active_record/query_cache.rb:9:in `cache'
    /usr/lib/ruby/gems/1.8/gems/activerecord-2.3.5/lib/active_record/query_cache.rb:28:in `call'
    /usr/lib/ruby/gems/1.8/gems/activerecord-2.3.5/lib/active_record/connection_adapters/abstract/connection_pool.rb:361:in `call'
    /usr/lib/ruby/gems/1.8/gems/actionpack-2.3.5/lib/action_controller/string_coercion.rb:25:in `call'
    /usr/lib/ruby/gems/1.8/gems/rack-1.0.1/lib/rack/head.rb:9:in `call'
    /usr/lib/ruby/gems/1.8/gems/rack-1.0.1/lib/rack/methodoverride.rb:24:in `call'
    /usr/lib/ruby/gems/1.8/gems/actionpack-2.3.5/lib/action_controller/params_parser.rb:15:in `call'
    /usr/lib/ruby/gems/1.8/gems/actionpack-2.3.5/lib/action_controller/session/cookie_store.rb:93:in `call'
    /usr/lib/ruby/gems/1.8/gems/actionpack-2.3.5/lib/action_controller/failsafe.rb:26:in `call'
    /usr/lib/ruby/gems/1.8/gems/rack-1.0.1/lib/rack/lock.rb:11:in `call'
    /usr/lib/ruby/gems/1.8/gems/rack-1.0.1/lib/rack/lock.rb:11:in `synchronize'
    /usr/lib/ruby/gems/1.8/gems/rack-1.0.1/lib/rack/lock.rb:11:in `call'
    /usr/lib/ruby/gems/1.8/gems/actionpack-2.3.5/lib/action_controller/dispatcher.rb:114:in `call'
    /usr/lib/ruby/gems/1.8/gems/actionpack-2.3.5/lib/action_controller/reloader.rb:34:in `run'
    /usr/lib/ruby/gems/1.8/gems/actionpack-2.3.5/lib/action_controller/dispatcher.rb:108:in `call'
    /usr/lib/ruby/gems/1.8/gems/rails-2.3.5/lib/rails/rack/static.rb:31:in `call'
    /usr/lib/ruby/gems/1.8/gems/rack-1.0.1/lib/rack/urlmap.rb:46:in `call'
    /usr/lib/ruby/gems/1.8/gems/rack-1.0.1/lib/rack/urlmap.rb:40:in `each'
    /usr/lib/ruby/gems/1.8/gems/rack-1.0.1/lib/rack/urlmap.rb:40:in `call'
    /usr/lib/ruby/gems/1.8/gems/rails-2.3.5/lib/rails/rack/log_tailer.rb:17:in `call'
    /usr/lib/ruby/gems/1.8/gems/rack-1.0.1/lib/rack/content_length.rb:13:in `call'
    /usr/lib/ruby/gems/1.8/gems/rack-1.0.1/lib/rack/chunked.rb:15:in `call'
    /usr/lib/ruby/gems/1.8/gems/rack-1.0.1/lib/rack/handler/mongrel.rb:64:in `process'
    /usr/lib/ruby/gems/1.8/gems/mongrel-1.1.5/lib/mongrel.rb:159:in `process_client'
    /usr/lib/ruby/gems/1.8/gems/mongrel-1.1.5/lib/mongrel.rb:158:in `each'
    /usr/lib/ruby/gems/1.8/gems/mongrel-1.1.5/lib/mongrel.rb:158:in `process_client'
    /usr/lib/ruby/gems/1.8/gems/mongrel-1.1.5/lib/mongrel.rb:285:in `run'
    /usr/lib/ruby/gems/1.8/gems/mongrel-1.1.5/lib/mongrel.rb:285:in `initialize'
    /usr/lib/ruby/gems/1.8/gems/mongrel-1.1.5/lib/mongrel.rb:285:in `new'
    /usr/lib/ruby/gems/1.8/gems/mongrel-1.1.5/lib/mongrel.rb:285:in `run'
    /usr/lib/ruby/gems/1.8/gems/mongrel-1.1.5/lib/mongrel.rb:268:in `initialize'
    /usr/lib/ruby/gems/1.8/gems/mongrel-1.1.5/lib/mongrel.rb:268:in `new'
    /usr/lib/ruby/gems/1.8/gems/mongrel-1.1.5/lib/mongrel.rb:268:in `run'
    /usr/lib/ruby/gems/1.8/gems/rack-1.0.1/lib/rack/handler/mongrel.rb:34:in `run'
    /usr/lib/ruby/gems/1.8/gems/rails-2.3.5/lib/commands/server.rb:111
    /usr/local/lib/site_ruby/1.8/rubygems/custom_require.rb:31:in `gem_original_require'
    /usr/local/lib/site_ruby/1.8/rubygems/custom_require.rb:31:in `require'
    script/server:3
/!\ FAILSAFE /!\  Fri Mar 26 20:14:24 +0000 2010
  Status: 500 Internal Server Error
  uninitialized constant Encoding
    /usr/lib/ruby/gems/1.8/gems/activesupport-2.3.5/lib/active_support/dependencies.rb:443:in `load_missing_constant'
    /usr/lib/ruby/gems/1.8/gems/activesupport-2.3.5/lib/active_support/dependencies.rb:80:in `const_missing'
    /usr/lib/ruby/gems/1.8/gems/activesupport-2.3.5/lib/active_support/dependencies.rb:92:in `const_missing'
    /usr/lib/ruby/gems/1.8/gems/sqlite3-0.0.3/lib/sqlite3/encoding.rb:9:in `find'
    /usr/lib/ruby/gems/1.8/gems/sqlite3-0.0.3/lib/sqlite3/database.rb:69:in `initialize'
    /usr/lib/ruby/gems/1.8/gems/activerecord-2.3.5/lib/active_record/connection_adapters/sqlite3_adapter.rb:13:in `new'
    /usr/lib/ruby/gems/1.8/gems/activerecord-2.3.5/lib/active_record/connection_adapters/sqlite3_adapter.rb:13:in `sqlite3_connection'
    /usr/lib/ruby/gems/1.8/gems/activerecord-2.3.5/lib/active_record/connection_adapters/abstract/connection_pool.rb:223:in `send'
    /usr/lib/ruby/gems/1.8/gems/activerecord-2.3.5/lib/active_record/connection_adapters/abstract/connection_pool.rb:223:in `new_connection'
    /usr/lib/ruby/gems/1.8/gems/activerecord-2.3.5/lib/active_record/connection_adapters/abstract/connection_pool.rb:245:in `checkout_new_connection'
    /usr/lib/ruby/gems/1.8/gems/activerecord-2.3.5/lib/active_record/connection_adapters/abstract/connection_pool.rb:188:in `checkout'
    /usr/lib/ruby/gems/1.8/gems/activerecord-2.3.5/lib/active_record/connection_adapters/abstract/connection_pool.rb:184:in `loop'
    /usr/lib/ruby/gems/1.8/gems/activerecord-2.3.5/lib/active_record/connection_adapters/abstract/connection_pool.rb:184:in `checkout'
    /usr/lib/ruby/1.8/monitor.rb:242:in `synchronize'
    /usr/lib/ruby/gems/1.8/gems/activerecord-2.3.5/lib/active_record/connection_adapters/abstract/connection_pool.rb:183:in `checkout'
    /usr/lib/ruby/gems/1.8/gems/activerecord-2.3.5/lib/active_record/connection_adapters/abstract/connection_pool.rb:98:in `connection'
    /usr/lib/ruby/gems/1.8/gems/activerecord-2.3.5/lib/active_record/connection_adapters/abstract/connection_pool.rb:326:in `retrieve_connection'
    /usr/lib/ruby/gems/1.8/gems/activerecord-2.3.5/lib/active_record/connection_adapters/abstract/connection_specification.rb:123:in `retrieve_connection'
    /usr/lib/ruby/gems/1.8/gems/activerecord-2.3.5/lib/active_record/connection_adapters/abstract/connection_specification.rb:115:in `connection'
    /usr/lib/ruby/gems/1.8/gems/activerecord-2.3.5/lib/active_record/query_cache.rb:9:in `cache'
    /usr/lib/ruby/gems/1.8/gems/activerecord-2.3.5/lib/active_record/query_cache.rb:28:in `call'
    /usr/lib/ruby/gems/1.8/gems/activerecord-2.3.5/lib/active_record/connection_adapters/abstract/connection_pool.rb:361:in `call'
    /usr/lib/ruby/gems/1.8/gems/actionpack-2.3.5/lib/action_controller/string_coercion.rb:25:in `call'
    /usr/lib/ruby/gems/1.8/gems/rack-1.0.1/lib/rack/head.rb:9:in `call'
    /usr/lib/ruby/gems/1.8/gems/rack-1.0.1/lib/rack/methodoverride.rb:24:in `call'
    /usr/lib/ruby/gems/1.8/gems/actionpack-2.3.5/lib/action_controller/params_parser.rb:15:in `call'
    /usr/lib/ruby/gems/1.8/gems/actionpack-2.3.5/lib/action_controller/session/cookie_store.rb:93:in `call'
    /usr/lib/ruby/gems/1.8/gems/actionpack-2.3.5/lib/action_controller/failsafe.rb:26:in `call'
    /usr/lib/ruby/gems/1.8/gems/rack-1.0.1/lib/rack/lock.rb:11:in `call'
    /usr/lib/ruby/gems/1.8/gems/rack-1.0.1/lib/rack/lock.rb:11:in `synchronize'
    /usr/lib/ruby/gems/1.8/gems/rack-1.0.1/lib/rack/lock.rb:11:in `call'
    /usr/lib/ruby/gems/1.8/gems/actionpack-2.3.5/lib/action_controller/dispatcher.rb:114:in `call'
    /usr/lib/ruby/gems/1.8/gems/actionpack-2.3.5/lib/action_controller/reloader.rb:34:in `run'
    /usr/lib/ruby/gems/1.8/gems/actionpack-2.3.5/lib/action_controller/dispatcher.rb:108:in `call'
    /usr/lib/ruby/gems/1.8/gems/rails-2.3.5/lib/rails/rack/static.rb:31:in `call'
    /usr/lib/ruby/gems/1.8/gems/rack-1.0.1/lib/rack/urlmap.rb:46:in `call'
    /usr/lib/ruby/gems/1.8/gems/rack-1.0.1/lib/rack/urlmap.rb:40:in `each'
    /usr/lib/ruby/gems/1.8/gems/rack-1.0.1/lib/rack/urlmap.rb:40:in `call'
    /usr/lib/ruby/gems/1.8/gems/rails-2.3.5/lib/rails/rack/log_tailer.rb:17:in `call'
    /usr/lib/ruby/gems/1.8/gems/rack-1.0.1/lib/rack/content_length.rb:13:in `call'
    /usr/lib/ruby/gems/1.8/gems/rack-1.0.1/lib/rack/chunked.rb:15:in `call'
    /usr/lib/ruby/gems/1.8/gems/rack-1.0.1/lib/rack/handler/mongrel.rb:64:in `process'
    /usr/lib/ruby/gems/1.8/gems/mongrel-1.1.5/lib/mongrel.rb:159:in `process_client'
    /usr/lib/ruby/gems/1.8/gems/mongrel-1.1.5/lib/mongrel.rb:158:in `each'
    /usr/lib/ruby/gems/1.8/gems/mongrel-1.1.5/lib/mongrel.rb:158:in `process_client'
    /usr/lib/ruby/gems/1.8/gems/mongrel-1.1.5/lib/mongrel.rb:285:in `run'
    /usr/lib/ruby/gems/1.8/gems/mongrel-1.1.5/lib/mongrel.rb:285:in `initialize'
    /usr/lib/ruby/gems/1.8/gems/mongrel-1.1.5/lib/mongrel.rb:285:in `new'
    /usr/lib/ruby/gems/1.8/gems/mongrel-1.1.5/lib/mongrel.rb:285:in `run'
    /usr/lib/ruby/gems/1.8/gems/mongrel-1.1.5/lib/mongrel.rb:268:in `initialize'
    /usr/lib/ruby/gems/1.8/gems/mongrel-1.1.5/lib/mongrel.rb:268:in `new'
    /usr/lib/ruby/gems/1.8/gems/mongrel-1.1.5/lib/mongrel.rb:268:in `run'
    /usr/lib/ruby/gems/1.8/gems/rack-1.0.1/lib/rack/handler/mongrel.rb:34:in `run'
    /usr/lib/ruby/gems/1.8/gems/rails-2.3.5/lib/commands/server.rb:111
    /usr/local/lib/site_ruby/1.8/rubygems/custom_require.rb:31:in `gem_original_require'
    /usr/local/lib/site_ruby/1.8/rubygems/custom_require.rb:31:in `require'
    script/server:3
/!\ FAILSAFE /!\  Fri Mar 26 20:14:25 +0000 2010
  Status: 500 Internal Server Error
  uninitialized constant Encoding
    /usr/lib/ruby/gems/1.8/gems/activesupport-2.3.5/lib/active_support/dependencies.rb:443:in `load_missing_constant'
    /usr/lib/ruby/gems/1.8/gems/activesupport-2.3.5/lib/active_support/dependencies.rb:80:in `const_missing'
    /usr/lib/ruby/gems/1.8/gems/activesupport-2.3.5/lib/active_support/dependencies.rb:92:in `const_missing'
    /usr/lib/ruby/gems/1.8/gems/sqlite3-0.0.3/lib/sqlite3/encoding.rb:9:in `find'
    /usr/lib/ruby/gems/1.8/gems/sqlite3-0.0.3/lib/sqlite3/database.rb:69:in `initialize'
    /usr/lib/ruby/gems/1.8/gems/activerecord-2.3.5/lib/active_record/connection_adapters/sqlite3_adapter.rb:13:in `new'
    /usr/lib/ruby/gems/1.8/gems/activerecord-2.3.5/lib/active_record/connection_adapters/sqlite3_adapter.rb:13:in `sqlite3_connection'
    /usr/lib/ruby/gems/1.8/gems/activerecord-2.3.5/lib/active_record/connection_adapters/abstract/connection_pool.rb:223:in `send'
    /usr/lib/ruby/gems/1.8/gems/activerecord-2.3.5/lib/active_record/connection_adapters/abstract/connection_pool.rb:223:in `new_connection'
    /usr/lib/ruby/gems/1.8/gems/activerecord-2.3.5/lib/active_record/connection_adapters/abstract/connection_pool.rb:245:in `checkout_new_connection'
    /usr/lib/ruby/gems/1.8/gems/activerecord-2.3.5/lib/active_record/connection_adapters/abstract/connection_pool.rb:188:in `checkout'
    /usr/lib/ruby/gems/1.8/gems/activerecord-2.3.5/lib/active_record/connection_adapters/abstract/connection_pool.rb:184:in `loop'
    /usr/lib/ruby/gems/1.8/gems/activerecord-2.3.5/lib/active_record/connection_adapters/abstract/connection_pool.rb:184:in `checkout'
    /usr/lib/ruby/1.8/monitor.rb:242:in `synchronize'
    /usr/lib/ruby/gems/1.8/gems/activerecord-2.3.5/lib/active_record/connection_adapters/abstract/connection_pool.rb:183:in `checkout'
    /usr/lib/ruby/gems/1.8/gems/activerecord-2.3.5/lib/active_record/connection_adapters/abstract/connection_pool.rb:98:in `connection'
    /usr/lib/ruby/gems/1.8/gems/activerecord-2.3.5/lib/active_record/connection_adapters/abstract/connection_pool.rb:326:in `retrieve_connection'
    /usr/lib/ruby/gems/1.8/gems/activerecord-2.3.5/lib/active_record/connection_adapters/abstract/connection_specification.rb:123:in `retrieve_connection'
    /usr/lib/ruby/gems/1.8/gems/activerecord-2.3.5/lib/active_record/connection_adapters/abstract/connection_specification.rb:115:in `connection'
    /usr/lib/ruby/gems/1.8/gems/activerecord-2.3.5/lib/active_record/query_cache.rb:9:in `cache'
    /usr/lib/ruby/gems/1.8/gems/activerecord-2.3.5/lib/active_record/query_cache.rb:28:in `call'
    /usr/lib/ruby/gems/1.8/gems/activerecord-2.3.5/lib/active_record/connection_adapters/abstract/connection_pool.rb:361:in `call'
    /usr/lib/ruby/gems/1.8/gems/actionpack-2.3.5/lib/action_controller/string_coercion.rb:25:in `call'
    /usr/lib/ruby/gems/1.8/gems/rack-1.0.1/lib/rack/head.rb:9:in `call'
    /usr/lib/ruby/gems/1.8/gems/rack-1.0.1/lib/rack/methodoverride.rb:24:in `call'
    /usr/lib/ruby/gems/1.8/gems/actionpack-2.3.5/lib/action_controller/params_parser.rb:15:in `call'
    /usr/lib/ruby/gems/1.8/gems/actionpack-2.3.5/lib/action_controller/session/cookie_store.rb:93:in `call'
    /usr/lib/ruby/gems/1.8/gems/actionpack-2.3.5/lib/action_controller/failsafe.rb:26:in `call'
    /usr/lib/ruby/gems/1.8/gems/rack-1.0.1/lib/rack/lock.rb:11:in `call'
    /usr/lib/ruby/gems/1.8/gems/rack-1.0.1/lib/rack/lock.rb:11:in `synchronize'
    /usr/lib/ruby/gems/1.8/gems/rack-1.0.1/lib/rack/lock.rb:11:in `call'
    /usr/lib/ruby/gems/1.8/gems/actionpack-2.3.5/lib/action_controller/dispatcher.rb:114:in `call'
    /usr/lib/ruby/gems/1.8/gems/actionpack-2.3.5/lib/action_controller/reloader.rb:34:in `run'
    /usr/lib/ruby/gems/1.8/gems/actionpack-2.3.5/lib/action_controller/dispatcher.rb:108:in `call'
    /usr/lib/ruby/gems/1.8/gems/rails-2.3.5/lib/rails/rack/static.rb:31:in `call'
    /usr/lib/ruby/gems/1.8/gems/rack-1.0.1/lib/rack/urlmap.rb:46:in `call'
    /usr/lib/ruby/gems/1.8/gems/rack-1.0.1/lib/rack/urlmap.rb:40:in `each'
    /usr/lib/ruby/gems/1.8/gems/rack-1.0.1/lib/rack/urlmap.rb:40:in `call'
    /usr/lib/ruby/gems/1.8/gems/rails-2.3.5/lib/rails/rack/log_tailer.rb:17:in `call'
    /usr/lib/ruby/gems/1.8/gems/rack-1.0.1/lib/rack/content_length.rb:13:in `call'
    /usr/lib/ruby/gems/1.8/gems/rack-1.0.1/lib/rack/chunked.rb:15:in `call'
    /usr/lib/ruby/gems/1.8/gems/rack-1.0.1/lib/rack/handler/mongrel.rb:64:in `process'
    /usr/lib/ruby/gems/1.8/gems/mongrel-1.1.5/lib/mongrel.rb:159:in `process_client'
    /usr/lib/ruby/gems/1.8/gems/mongrel-1.1.5/lib/mongrel.rb:158:in `each'
    /usr/lib/ruby/gems/1.8/gems/mongrel-1.1.5/lib/mongrel.rb:158:in `process_client'
    /usr/lib/ruby/gems/1.8/gems/mongrel-1.1.5/lib/mongrel.rb:285:in `run'
    /usr/lib/ruby/gems/1.8/gems/mongrel-1.1.5/lib/mongrel.rb:285:in `initialize'
    /usr/lib/ruby/gems/1.8/gems/mongrel-1.1.5/lib/mongrel.rb:285:in `new'
    /usr/lib/ruby/gems/1.8/gems/mongrel-1.1.5/lib/mongrel.rb:285:in `run'
    /usr/lib/ruby/gems/1.8/gems/mongrel-1.1.5/lib/mongrel.rb:268:in `initialize'
    /usr/lib/ruby/gems/1.8/gems/mongrel-1.1.5/lib/mongrel.rb:268:in `new'
    /usr/lib/ruby/gems/1.8/gems/mongrel-1.1.5/lib/mongrel.rb:268:in `run'
    /usr/lib/ruby/gems/1.8/gems/rack-1.0.1/lib/rack/handler/mongrel.rb:34:in `run'
    /usr/lib/ruby/gems/1.8/gems/rails-2.3.5/lib/commands/server.rb:111
    /usr/local/lib/site_ruby/1.8/rubygems/custom_require.rb:31:in `gem_original_require'
    /usr/local/lib/site_ruby/1.8/rubygems/custom_require.rb:31:in `require'
    script/server:3
/!\ FAILSAFE /!\  Fri Mar 26 20:14:25 +0000 2010
  Status: 500 Internal Server Error
  uninitialized constant Encoding
    /usr/lib/ruby/gems/1.8/gems/activesupport-2.3.5/lib/active_support/dependencies.rb:443:in `load_missing_constant'
    /usr/lib/ruby/gems/1.8/gems/activesupport-2.3.5/lib/active_support/dependencies.rb:80:in `const_missing'
    /usr/lib/ruby/gems/1.8/gems/activesupport-2.3.5/lib/active_support/dependencies.rb:92:in `const_missing'
    /usr/lib/ruby/gems/1.8/gems/sqlite3-0.0.3/lib/sqlite3/encoding.rb:9:in `find'
    /usr/lib/ruby/gems/1.8/gems/sqlite3-0.0.3/lib/sqlite3/database.rb:69:in `initialize'
    /usr/lib/ruby/gems/1.8/gems/activerecord-2.3.5/lib/active_record/connection_adapters/sqlite3_adapter.rb:13:in `new'
    /usr/lib/ruby/gems/1.8/gems/activerecord-2.3.5/lib/active_record/connection_adapters/sqlite3_adapter.rb:13:in `sqlite3_connection'
    /usr/lib/ruby/gems/1.8/gems/activerecord-2.3.5/lib/active_record/connection_adapters/abstract/connection_pool.rb:223:in `send'
    /usr/lib/ruby/gems/1.8/gems/activerecord-2.3.5/lib/active_record/connection_adapters/abstract/connection_pool.rb:223:in `new_connection'
    /usr/lib/ruby/gems/1.8/gems/activerecord-2.3.5/lib/active_record/connection_adapters/abstract/connection_pool.rb:245:in `checkout_new_connection'
    /usr/lib/ruby/gems/1.8/gems/activerecord-2.3.5/lib/active_record/connection_adapters/abstract/connection_pool.rb:188:in `checkout'
    /usr/lib/ruby/gems/1.8/gems/activerecord-2.3.5/lib/active_record/connection_adapters/abstract/connection_pool.rb:184:in `loop'
    /usr/lib/ruby/gems/1.8/gems/activerecord-2.3.5/lib/active_record/connection_adapters/abstract/connection_pool.rb:184:in `checkout'
    /usr/lib/ruby/1.8/monitor.rb:242:in `synchronize'
    /usr/lib/ruby/gems/1.8/gems/activerecord-2.3.5/lib/active_record/connection_adapters/abstract/connection_pool.rb:183:in `checkout'
    /usr/lib/ruby/gems/1.8/gems/activerecord-2.3.5/lib/active_record/connection_adapters/abstract/connection_pool.rb:98:in `connection'
    /usr/lib/ruby/gems/1.8/gems/activerecord-2.3.5/lib/active_record/connection_adapters/abstract/connection_pool.rb:326:in `retrieve_connection'
    /usr/lib/ruby/gems/1.8/gems/activerecord-2.3.5/lib/active_record/connection_adapters/abstract/connection_specification.rb:123:in `retrieve_connection'
    /usr/lib/ruby/gems/1.8/gems/activerecord-2.3.5/lib/active_record/connection_adapters/abstract/connection_specification.rb:115:in `connection'
    /usr/lib/ruby/gems/1.8/gems/activerecord-2.3.5/lib/active_record/query_cache.rb:9:in `cache'
    /usr/lib/ruby/gems/1.8/gems/activerecord-2.3.5/lib/active_record/query_cache.rb:28:in `call'
    /usr/lib/ruby/gems/1.8/gems/activerecord-2.3.5/lib/active_record/connection_adapters/abstract/connection_pool.rb:361:in `call'
    /usr/lib/ruby/gems/1.8/gems/actionpack-2.3.5/lib/action_controller/string_coercion.rb:25:in `call'
    /usr/lib/ruby/gems/1.8/gems/rack-1.0.1/lib/rack/head.rb:9:in `call'
    /usr/lib/ruby/gems/1.8/gems/rack-1.0.1/lib/rack/methodoverride.rb:24:in `call'
    /usr/lib/ruby/gems/1.8/gems/actionpack-2.3.5/lib/action_controller/params_parser.rb:15:in `call'
    /usr/lib/ruby/gems/1.8/gems/actionpack-2.3.5/lib/action_controller/session/cookie_store.rb:93:in `call'
    /usr/lib/ruby/gems/1.8/gems/actionpack-2.3.5/lib/action_controller/failsafe.rb:26:in `call'
    /usr/lib/ruby/gems/1.8/gems/rack-1.0.1/lib/rack/lock.rb:11:in `call'
    /usr/lib/ruby/gems/1.8/gems/rack-1.0.1/lib/rack/lock.rb:11:in `synchronize'
    /usr/lib/ruby/gems/1.8/gems/rack-1.0.1/lib/rack/lock.rb:11:in `call'
    /usr/lib/ruby/gems/1.8/gems/actionpack-2.3.5/lib/action_controller/dispatcher.rb:114:in `call'
    /usr/lib/ruby/gems/1.8/gems/actionpack-2.3.5/lib/action_controller/reloader.rb:34:in `run'
    /usr/lib/ruby/gems/1.8/gems/actionpack-2.3.5/lib/action_controller/dispatcher.rb:108:in `call'
    /usr/lib/ruby/gems/1.8/gems/rails-2.3.5/lib/rails/rack/static.rb:31:in `call'
    /usr/lib/ruby/gems/1.8/gems/rack-1.0.1/lib/rack/urlmap.rb:46:in `call'
    /usr/lib/ruby/gems/1.8/gems/rack-1.0.1/lib/rack/urlmap.rb:40:in `each'
    /usr/lib/ruby/gems/1.8/gems/rack-1.0.1/lib/rack/urlmap.rb:40:in `call'
    /usr/lib/ruby/gems/1.8/gems/rails-2.3.5/lib/rails/rack/log_tailer.rb:17:in `call'
    /usr/lib/ruby/gems/1.8/gems/rack-1.0.1/lib/rack/content_length.rb:13:in `call'
    /usr/lib/ruby/gems/1.8/gems/rack-1.0.1/lib/rack/chunked.rb:15:in `call'
    /usr/lib/ruby/gems/1.8/gems/rack-1.0.1/lib/rack/handler/mongrel.rb:64:in `process'
    /usr/lib/ruby/gems/1.8/gems/mongrel-1.1.5/lib/mongrel.rb:159:in `process_client'
    /usr/lib/ruby/gems/1.8/gems/mongrel-1.1.5/lib/mongrel.rb:158:in `each'
    /usr/lib/ruby/gems/1.8/gems/mongrel-1.1.5/lib/mongrel.rb:158:in `process_client'
    /usr/lib/ruby/gems/1.8/gems/mongrel-1.1.5/lib/mongrel.rb:285:in `run'
    /usr/lib/ruby/gems/1.8/gems/mongrel-1.1.5/lib/mongrel.rb:285:in `initialize'
    /usr/lib/ruby/gems/1.8/gems/mongrel-1.1.5/lib/mongrel.rb:285:in `new'
    /usr/lib/ruby/gems/1.8/gems/mongrel-1.1.5/lib/mongrel.rb:285:in `run'
    /usr/lib/ruby/gems/1.8/gems/mongrel-1.1.5/lib/mongrel.rb:268:in `initialize'
    /usr/lib/ruby/gems/1.8/gems/mongrel-1.1.5/lib/mongrel.rb:268:in `new'
    /usr/lib/ruby/gems/1.8/gems/mongrel-1.1.5/lib/mongrel.rb:268:in `run'
    /usr/lib/ruby/gems/1.8/gems/rack-1.0.1/lib/rack/handler/mongrel.rb:34:in `run'
    /usr/lib/ruby/gems/1.8/gems/rails-2.3.5/lib/commands/server.rb:111
    /usr/local/lib/site_ruby/1.8/rubygems/custom_require.rb:31:in `gem_original_require'
    /usr/local/lib/site_ruby/1.8/rubygems/custom_require.rb:31:in `require'
    script/server:3
/!\ FAILSAFE /!\  Fri Mar 26 20:15:45 +0000 2010
  Status: 500 Internal Server Error
  uninitialized constant Encoding
    /usr/lib/ruby/gems/1.8/gems/activesupport-2.3.5/lib/active_support/dependencies.rb:443:in `load_missing_constant'
    /usr/lib/ruby/gems/1.8/gems/activesupport-2.3.5/lib/active_support/dependencies.rb:80:in `const_missing'
    /usr/lib/ruby/gems/1.8/gems/activesupport-2.3.5/lib/active_support/dependencies.rb:92:in `const_missing'
    /usr/lib/ruby/gems/1.8/gems/sqlite3-0.0.3/lib/sqlite3/encoding.rb:9:in `find'
    /usr/lib/ruby/gems/1.8/gems/sqlite3-0.0.3/lib/sqlite3/database.rb:69:in `initialize'
    /usr/lib/ruby/gems/1.8/gems/activerecord-2.3.5/lib/active_record/connection_adapters/sqlite3_adapter.rb:13:in `new'
    /usr/lib/ruby/gems/1.8/gems/activerecord-2.3.5/lib/active_record/connection_adapters/sqlite3_adapter.rb:13:in `sqlite3_connection'
    /usr/lib/ruby/gems/1.8/gems/activerecord-2.3.5/lib/active_record/connection_adapters/abstract/connection_pool.rb:223:in `send'
    /usr/lib/ruby/gems/1.8/gems/activerecord-2.3.5/lib/active_record/connection_adapters/abstract/connection_pool.rb:223:in `new_connection'
    /usr/lib/ruby/gems/1.8/gems/activerecord-2.3.5/lib/active_record/connection_adapters/abstract/connection_pool.rb:245:in `checkout_new_connection'
    /usr/lib/ruby/gems/1.8/gems/activerecord-2.3.5/lib/active_record/connection_adapters/abstract/connection_pool.rb:188:in `checkout'
    /usr/lib/ruby/gems/1.8/gems/activerecord-2.3.5/lib/active_record/connection_adapters/abstract/connection_pool.rb:184:in `loop'
    /usr/lib/ruby/gems/1.8/gems/activerecord-2.3.5/lib/active_record/connection_adapters/abstract/connection_pool.rb:184:in `checkout'
    /usr/lib/ruby/1.8/monitor.rb:242:in `synchronize'
    /usr/lib/ruby/gems/1.8/gems/activerecord-2.3.5/lib/active_record/connection_adapters/abstract/connection_pool.rb:183:in `checkout'
    /usr/lib/ruby/gems/1.8/gems/activerecord-2.3.5/lib/active_record/connection_adapters/abstract/connection_pool.rb:98:in `connection'
    /usr/lib/ruby/gems/1.8/gems/activerecord-2.3.5/lib/active_record/connection_adapters/abstract/connection_pool.rb:326:in `retrieve_connection'
    /usr/lib/ruby/gems/1.8/gems/activerecord-2.3.5/lib/active_record/connection_adapters/abstract/connection_specification.rb:123:in `retrieve_connection'
    /usr/lib/ruby/gems/1.8/gems/activerecord-2.3.5/lib/active_record/connection_adapters/abstract/connection_specification.rb:115:in `connection'
    /usr/lib/ruby/gems/1.8/gems/activerecord-2.3.5/lib/active_record/query_cache.rb:9:in `cache'
    /usr/lib/ruby/gems/1.8/gems/activerecord-2.3.5/lib/active_record/query_cache.rb:28:in `call'
    /usr/lib/ruby/gems/1.8/gems/activerecord-2.3.5/lib/active_record/connection_adapters/abstract/connection_pool.rb:361:in `call'
    /usr/lib/ruby/gems/1.8/gems/actionpack-2.3.5/lib/action_controller/string_coercion.rb:25:in `call'
    /usr/lib/ruby/gems/1.8/gems/rack-1.0.1/lib/rack/head.rb:9:in `call'
    /usr/lib/ruby/gems/1.8/gems/rack-1.0.1/lib/rack/methodoverride.rb:24:in `call'
    /usr/lib/ruby/gems/1.8/gems/actionpack-2.3.5/lib/action_controller/params_parser.rb:15:in `call'
    /usr/lib/ruby/gems/1.8/gems/actionpack-2.3.5/lib/action_controller/session/cookie_store.rb:93:in `call'
    /usr/lib/ruby/gems/1.8/gems/actionpack-2.3.5/lib/action_controller/failsafe.rb:26:in `call'
    /usr/lib/ruby/gems/1.8/gems/rack-1.0.1/lib/rack/lock.rb:11:in `call'
    /usr/lib/ruby/gems/1.8/gems/rack-1.0.1/lib/rack/lock.rb:11:in `synchronize'
    /usr/lib/ruby/gems/1.8/gems/rack-1.0.1/lib/rack/lock.rb:11:in `call'
    /usr/lib/ruby/gems/1.8/gems/actionpack-2.3.5/lib/action_controller/dispatcher.rb:114:in `call'
    /usr/lib/ruby/gems/1.8/gems/actionpack-2.3.5/lib/action_controller/reloader.rb:34:in `run'
    /usr/lib/ruby/gems/1.8/gems/actionpack-2.3.5/lib/action_controller/dispatcher.rb:108:in `call'
    /usr/lib/ruby/gems/1.8/gems/rails-2.3.5/lib/rails/rack/static.rb:31:in `call'
    /usr/lib/ruby/gems/1.8/gems/rack-1.0.1/lib/rack/urlmap.rb:46:in `call'
    /usr/lib/ruby/gems/1.8/gems/rack-1.0.1/lib/rack/urlmap.rb:40:in `each'
    /usr/lib/ruby/gems/1.8/gems/rack-1.0.1/lib/rack/urlmap.rb:40:in `call'
    /usr/lib/ruby/gems/1.8/gems/rails-2.3.5/lib/rails/rack/log_tailer.rb:17:in `call'
    /usr/lib/ruby/gems/1.8/gems/rack-1.0.1/lib/rack/content_length.rb:13:in `call'
    /usr/lib/ruby/gems/1.8/gems/rack-1.0.1/lib/rack/chunked.rb:15:in `call'
    /usr/lib/ruby/gems/1.8/gems/rack-1.0.1/lib/rack/handler/mongrel.rb:64:in `process'
    /usr/lib/ruby/gems/1.8/gems/mongrel-1.1.5/lib/mongrel.rb:159:in `process_client'
    /usr/lib/ruby/gems/1.8/gems/mongrel-1.1.5/lib/mongrel.rb:158:in `each'
    /usr/lib/ruby/gems/1.8/gems/mongrel-1.1.5/lib/mongrel.rb:158:in `process_client'
    /usr/lib/ruby/gems/1.8/gems/mongrel-1.1.5/lib/mongrel.rb:285:in `run'
    /usr/lib/ruby/gems/1.8/gems/mongrel-1.1.5/lib/mongrel.rb:285:in `initialize'
    /usr/lib/ruby/gems/1.8/gems/mongrel-1.1.5/lib/mongrel.rb:285:in `new'
    /usr/lib/ruby/gems/1.8/gems/mongrel-1.1.5/lib/mongrel.rb:285:in `run'
    /usr/lib/ruby/gems/1.8/gems/mongrel-1.1.5/lib/mongrel.rb:268:in `initialize'
    /usr/lib/ruby/gems/1.8/gems/mongrel-1.1.5/lib/mongrel.rb:268:in `new'
    /usr/lib/ruby/gems/1.8/gems/mongrel-1.1.5/lib/mongrel.rb:268:in `run'
    /usr/lib/ruby/gems/1.8/gems/rack-1.0.1/lib/rack/handler/mongrel.rb:34:in `run'
    /usr/lib/ruby/gems/1.8/gems/rails-2.3.5/lib/commands/server.rb:111
    /usr/local/lib/site_ruby/1.8/rubygems/custom_require.rb:31:in `gem_original_require'
    /usr/local/lib/site_ruby/1.8/rubygems/custom_require.rb:31:in `require'
    script/server:3
/!\ FAILSAFE /!\  Fri Mar 26 20:19:02 +0000 2010
  Status: 500 Internal Server Error
  Unknown database 'trumps_development'
    /usr/lib/ruby/gems/1.8/gems/activerecord-2.3.5/lib/active_record/connection_adapters/mysql_adapter.rb:589:in `real_connect'
    /usr/lib/ruby/gems/1.8/gems/activerecord-2.3.5/lib/active_record/connection_adapters/mysql_adapter.rb:589:in `connect'
    /usr/lib/ruby/gems/1.8/gems/activerecord-2.3.5/lib/active_record/connection_adapters/mysql_adapter.rb:203:in `initialize'
    /usr/lib/ruby/gems/1.8/gems/activerecord-2.3.5/lib/active_record/connection_adapters/mysql_adapter.rb:75:in `new'
    /usr/lib/ruby/gems/1.8/gems/activerecord-2.3.5/lib/active_record/connection_adapters/mysql_adapter.rb:75:in `mysql_connection'
    /usr/lib/ruby/gems/1.8/gems/activerecord-2.3.5/lib/active_record/connection_adapters/abstract/connection_pool.rb:223:in `send'
    /usr/lib/ruby/gems/1.8/gems/activerecord-2.3.5/lib/active_record/connection_adapters/abstract/connection_pool.rb:223:in `new_connection'
    /usr/lib/ruby/gems/1.8/gems/activerecord-2.3.5/lib/active_record/connection_adapters/abstract/connection_pool.rb:245:in `checkout_new_connection'
    /usr/lib/ruby/gems/1.8/gems/activerecord-2.3.5/lib/active_record/connection_adapters/abstract/connection_pool.rb:188:in `checkout'
    /usr/lib/ruby/gems/1.8/gems/activerecord-2.3.5/lib/active_record/connection_adapters/abstract/connection_pool.rb:184:in `loop'
    /usr/lib/ruby/gems/1.8/gems/activerecord-2.3.5/lib/active_record/connection_adapters/abstract/connection_pool.rb:184:in `checkout'
    /usr/lib/ruby/1.8/monitor.rb:242:in `synchronize'
    /usr/lib/ruby/gems/1.8/gems/activerecord-2.3.5/lib/active_record/connection_adapters/abstract/connection_pool.rb:183:in `checkout'
    /usr/lib/ruby/gems/1.8/gems/activerecord-2.3.5/lib/active_record/connection_adapters/abstract/connection_pool.rb:98:in `connection'
    /usr/lib/ruby/gems/1.8/gems/activerecord-2.3.5/lib/active_record/connection_adapters/abstract/connection_pool.rb:326:in `retrieve_connection'
    /usr/lib/ruby/gems/1.8/gems/activerecord-2.3.5/lib/active_record/connection_adapters/abstract/connection_specification.rb:123:in `retrieve_connection'
    /usr/lib/ruby/gems/1.8/gems/activerecord-2.3.5/lib/active_record/connection_adapters/abstract/connection_specification.rb:115:in `connection'
    /usr/lib/ruby/gems/1.8/gems/activerecord-2.3.5/lib/active_record/query_cache.rb:9:in `cache'
    /usr/lib/ruby/gems/1.8/gems/activerecord-2.3.5/lib/active_record/query_cache.rb:28:in `call'
    /usr/lib/ruby/gems/1.8/gems/activerecord-2.3.5/lib/active_record/connection_adapters/abstract/connection_pool.rb:361:in `call'
    /usr/lib/ruby/gems/1.8/gems/actionpack-2.3.5/lib/action_controller/string_coercion.rb:25:in `call'
    /usr/lib/ruby/gems/1.8/gems/rack-1.0.1/lib/rack/head.rb:9:in `call'
    /usr/lib/ruby/gems/1.8/gems/rack-1.0.1/lib/rack/methodoverride.rb:24:in `call'
    /usr/lib/ruby/gems/1.8/gems/actionpack-2.3.5/lib/action_controller/params_parser.rb:15:in `call'
    /usr/lib/ruby/gems/1.8/gems/actionpack-2.3.5/lib/action_controller/session/cookie_store.rb:93:in `call'
    /usr/lib/ruby/gems/1.8/gems/actionpack-2.3.5/lib/action_controller/failsafe.rb:26:in `call'
    /usr/lib/ruby/gems/1.8/gems/rack-1.0.1/lib/rack/lock.rb:11:in `call'
    /usr/lib/ruby/gems/1.8/gems/rack-1.0.1/lib/rack/lock.rb:11:in `synchronize'
    /usr/lib/ruby/gems/1.8/gems/rack-1.0.1/lib/rack/lock.rb:11:in `call'
    /usr/lib/ruby/gems/1.8/gems/actionpack-2.3.5/lib/action_controller/dispatcher.rb:114:in `call'
    /usr/lib/ruby/gems/1.8/gems/actionpack-2.3.5/lib/action_controller/reloader.rb:34:in `run'
    /usr/lib/ruby/gems/1.8/gems/actionpack-2.3.5/lib/action_controller/dispatcher.rb:108:in `call'
    /usr/lib/ruby/gems/1.8/gems/rails-2.3.5/lib/rails/rack/static.rb:31:in `call'
    /usr/lib/ruby/gems/1.8/gems/rack-1.0.1/lib/rack/urlmap.rb:46:in `call'
    /usr/lib/ruby/gems/1.8/gems/rack-1.0.1/lib/rack/urlmap.rb:40:in `each'
    /usr/lib/ruby/gems/1.8/gems/rack-1.0.1/lib/rack/urlmap.rb:40:in `call'
    /usr/lib/ruby/gems/1.8/gems/rails-2.3.5/lib/rails/rack/log_tailer.rb:17:in `call'
    /usr/lib/ruby/gems/1.8/gems/rack-1.0.1/lib/rack/content_length.rb:13:in `call'
    /usr/lib/ruby/gems/1.8/gems/rack-1.0.1/lib/rack/chunked.rb:15:in `call'
    /usr/lib/ruby/gems/1.8/gems/rack-1.0.1/lib/rack/handler/mongrel.rb:64:in `process'
    /usr/lib/ruby/gems/1.8/gems/mongrel-1.1.5/lib/mongrel.rb:159:in `process_client'
    /usr/lib/ruby/gems/1.8/gems/mongrel-1.1.5/lib/mongrel.rb:158:in `each'
    /usr/lib/ruby/gems/1.8/gems/mongrel-1.1.5/lib/mongrel.rb:158:in `process_client'
    /usr/lib/ruby/gems/1.8/gems/mongrel-1.1.5/lib/mongrel.rb:285:in `run'
    /usr/lib/ruby/gems/1.8/gems/mongrel-1.1.5/lib/mongrel.rb:285:in `initialize'
    /usr/lib/ruby/gems/1.8/gems/mongrel-1.1.5/lib/mongrel.rb:285:in `new'
    /usr/lib/ruby/gems/1.8/gems/mongrel-1.1.5/lib/mongrel.rb:285:in `run'
    /usr/lib/ruby/gems/1.8/gems/mongrel-1.1.5/lib/mongrel.rb:268:in `initialize'
    /usr/lib/ruby/gems/1.8/gems/mongrel-1.1.5/lib/mongrel.rb:268:in `new'
    /usr/lib/ruby/gems/1.8/gems/mongrel-1.1.5/lib/mongrel.rb:268:in `run'
    /usr/lib/ruby/gems/1.8/gems/rack-1.0.1/lib/rack/handler/mongrel.rb:34:in `run'
    /usr/lib/ruby/gems/1.8/gems/rails-2.3.5/lib/commands/server.rb:111
    /usr/local/lib/site_ruby/1.8/rubygems/custom_require.rb:31:in `gem_original_require'
    /usr/local/lib/site_ruby/1.8/rubygems/custom_require.rb:31:in `require'
    script/server:3
/!\ FAILSAFE /!\  Fri Mar 26 20:19:04 +0000 2010
  Status: 500 Internal Server Error
  Unknown database 'trumps_development'
    /usr/lib/ruby/gems/1.8/gems/activerecord-2.3.5/lib/active_record/connection_adapters/mysql_adapter.rb:589:in `real_connect'
    /usr/lib/ruby/gems/1.8/gems/activerecord-2.3.5/lib/active_record/connection_adapters/mysql_adapter.rb:589:in `connect'
    /usr/lib/ruby/gems/1.8/gems/activerecord-2.3.5/lib/active_record/connection_adapters/mysql_adapter.rb:203:in `initialize'
    /usr/lib/ruby/gems/1.8/gems/activerecord-2.3.5/lib/active_record/connection_adapters/mysql_adapter.rb:75:in `new'
    /usr/lib/ruby/gems/1.8/gems/activerecord-2.3.5/lib/active_record/connection_adapters/mysql_adapter.rb:75:in `mysql_connection'
    /usr/lib/ruby/gems/1.8/gems/activerecord-2.3.5/lib/active_record/connection_adapters/abstract/connection_pool.rb:223:in `send'
    /usr/lib/ruby/gems/1.8/gems/activerecord-2.3.5/lib/active_record/connection_adapters/abstract/connection_pool.rb:223:in `new_connection'
    /usr/lib/ruby/gems/1.8/gems/activerecord-2.3.5/lib/active_record/connection_adapters/abstract/connection_pool.rb:245:in `checkout_new_connection'
    /usr/lib/ruby/gems/1.8/gems/activerecord-2.3.5/lib/active_record/connection_adapters/abstract/connection_pool.rb:188:in `checkout'
    /usr/lib/ruby/gems/1.8/gems/activerecord-2.3.5/lib/active_record/connection_adapters/abstract/connection_pool.rb:184:in `loop'
    /usr/lib/ruby/gems/1.8/gems/activerecord-2.3.5/lib/active_record/connection_adapters/abstract/connection_pool.rb:184:in `checkout'
    /usr/lib/ruby/1.8/monitor.rb:242:in `synchronize'
    /usr/lib/ruby/gems/1.8/gems/activerecord-2.3.5/lib/active_record/connection_adapters/abstract/connection_pool.rb:183:in `checkout'
    /usr/lib/ruby/gems/1.8/gems/activerecord-2.3.5/lib/active_record/connection_adapters/abstract/connection_pool.rb:98:in `connection'
    /usr/lib/ruby/gems/1.8/gems/activerecord-2.3.5/lib/active_record/connection_adapters/abstract/connection_pool.rb:326:in `retrieve_connection'
    /usr/lib/ruby/gems/1.8/gems/activerecord-2.3.5/lib/active_record/connection_adapters/abstract/connection_specification.rb:123:in `retrieve_connection'
    /usr/lib/ruby/gems/1.8/gems/activerecord-2.3.5/lib/active_record/connection_adapters/abstract/connection_specification.rb:115:in `connection'
    /usr/lib/ruby/gems/1.8/gems/activerecord-2.3.5/lib/active_record/query_cache.rb:9:in `cache'
    /usr/lib/ruby/gems/1.8/gems/activerecord-2.3.5/lib/active_record/query_cache.rb:28:in `call'
    /usr/lib/ruby/gems/1.8/gems/activerecord-2.3.5/lib/active_record/connection_adapters/abstract/connection_pool.rb:361:in `call'
    /usr/lib/ruby/gems/1.8/gems/actionpack-2.3.5/lib/action_controller/string_coercion.rb:25:in `call'
    /usr/lib/ruby/gems/1.8/gems/rack-1.0.1/lib/rack/head.rb:9:in `call'
    /usr/lib/ruby/gems/1.8/gems/rack-1.0.1/lib/rack/methodoverride.rb:24:in `call'
    /usr/lib/ruby/gems/1.8/gems/actionpack-2.3.5/lib/action_controller/params_parser.rb:15:in `call'
    /usr/lib/ruby/gems/1.8/gems/actionpack-2.3.5/lib/action_controller/session/cookie_store.rb:93:in `call'
    /usr/lib/ruby/gems/1.8/gems/actionpack-2.3.5/lib/action_controller/failsafe.rb:26:in `call'
    /usr/lib/ruby/gems/1.8/gems/rack-1.0.1/lib/rack/lock.rb:11:in `call'
    /usr/lib/ruby/gems/1.8/gems/rack-1.0.1/lib/rack/lock.rb:11:in `synchronize'
    /usr/lib/ruby/gems/1.8/gems/rack-1.0.1/lib/rack/lock.rb:11:in `call'
    /usr/lib/ruby/gems/1.8/gems/actionpack-2.3.5/lib/action_controller/dispatcher.rb:114:in `call'
    /usr/lib/ruby/gems/1.8/gems/actionpack-2.3.5/lib/action_controller/reloader.rb:34:in `run'
    /usr/lib/ruby/gems/1.8/gems/actionpack-2.3.5/lib/action_controller/dispatcher.rb:108:in `call'
    /usr/lib/ruby/gems/1.8/gems/rails-2.3.5/lib/rails/rack/static.rb:31:in `call'
    /usr/lib/ruby/gems/1.8/gems/rack-1.0.1/lib/rack/urlmap.rb:46:in `call'
    /usr/lib/ruby/gems/1.8/gems/rack-1.0.1/lib/rack/urlmap.rb:40:in `each'
    /usr/lib/ruby/gems/1.8/gems/rack-1.0.1/lib/rack/urlmap.rb:40:in `call'
    /usr/lib/ruby/gems/1.8/gems/rails-2.3.5/lib/rails/rack/log_tailer.rb:17:in `call'
    /usr/lib/ruby/gems/1.8/gems/rack-1.0.1/lib/rack/content_length.rb:13:in `call'
    /usr/lib/ruby/gems/1.8/gems/rack-1.0.1/lib/rack/chunked.rb:15:in `call'
    /usr/lib/ruby/gems/1.8/gems/rack-1.0.1/lib/rack/handler/mongrel.rb:64:in `process'
    /usr/lib/ruby/gems/1.8/gems/mongrel-1.1.5/lib/mongrel.rb:159:in `process_client'
    /usr/lib/ruby/gems/1.8/gems/mongrel-1.1.5/lib/mongrel.rb:158:in `each'
    /usr/lib/ruby/gems/1.8/gems/mongrel-1.1.5/lib/mongrel.rb:158:in `process_client'
    /usr/lib/ruby/gems/1.8/gems/mongrel-1.1.5/lib/mongrel.rb:285:in `run'
    /usr/lib/ruby/gems/1.8/gems/mongrel-1.1.5/lib/mongrel.rb:285:in `initialize'
    /usr/lib/ruby/gems/1.8/gems/mongrel-1.1.5/lib/mongrel.rb:285:in `new'
    /usr/lib/ruby/gems/1.8/gems/mongrel-1.1.5/lib/mongrel.rb:285:in `run'
    /usr/lib/ruby/gems/1.8/gems/mongrel-1.1.5/lib/mongrel.rb:268:in `initialize'
    /usr/lib/ruby/gems/1.8/gems/mongrel-1.1.5/lib/mongrel.rb:268:in `new'
    /usr/lib/ruby/gems/1.8/gems/mongrel-1.1.5/lib/mongrel.rb:268:in `run'
    /usr/lib/ruby/gems/1.8/gems/rack-1.0.1/lib/rack/handler/mongrel.rb:34:in `run'
    /usr/lib/ruby/gems/1.8/gems/rails-2.3.5/lib/commands/server.rb:111
    /usr/local/lib/site_ruby/1.8/rubygems/custom_require.rb:31:in `gem_original_require'
    /usr/local/lib/site_ruby/1.8/rubygems/custom_require.rb:31:in `require'
    script/server:3
  [4;36;1mSQL (0.3ms)[0m   [0;1mSET SQL_AUTO_IS_NULL=0[0m
  [4;35;1mSQL (3.5ms)[0m   [0mSHOW TABLES[0m
  [4;36;1mSQL (85.9ms)[0m   [0;1mCREATE TABLE `schema_migrations` (`version` varchar(255) NOT NULL) ENGINE=InnoDB[0m
  [4;35;1mSQL (30.1ms)[0m   [0mCREATE UNIQUE INDEX `unique_schema_migrations` ON `schema_migrations` (`version`)[0m
  [4;36;1mSQL (0.4ms)[0m   [0;1mSHOW TABLES[0m
  [4;35;1mSQL (1.0ms)[0m   [0mSELECT version FROM schema_migrations[0m
Migrating to CreateRegions (20100326193656)
  [4;36;1mSQL (8.1ms)[0m   [0;1mCREATE TABLE `regions` (`id` int(11) DEFAULT NULL auto_increment PRIMARY KEY, `name` varchar(255), `parent_id` int(11), `created_at` datetime, `updated_at` datetime) ENGINE=InnoDB[0m
  [4;35;1mSQL (1.0ms)[0m   [0mINSERT INTO schema_migrations (version) VALUES ('20100326193656')[0m
  [4;36;1mSQL (0.4ms)[0m   [0;1mSHOW TABLES[0m
  [4;35;1mSQL (0.2ms)[0m   [0mSELECT version FROM schema_migrations[0m
  [4;36;1mSQL (0.2ms)[0m   [0;1mSHOW TABLES[0m
  [4;35;1mSQL (4.2ms)[0m   [0mSHOW FIELDS FROM `regions`[0m
  [4;36;1mSQL (1.2ms)[0m   [0;1mdescribe `regions`[0m
  [4;35;1mSQL (0.7ms)[0m   [0mSHOW KEYS FROM `regions`[0m
  [4;36;1mSQL (0.2ms)[0m   [0;1mSET SQL_AUTO_IS_NULL=0[0m


Processing IndexController#index (for 192.168.0.101 at 2010-03-26 20:19:31) [GET]
Rendering index/index
Completed in 17ms (View: 13, DB: 0) | 200 OK [http://192.168.0.105/]
  [4;36;1mSQL (0.3ms)[0m   [0;1mSET SQL_AUTO_IS_NULL=0[0m


Processing IndexController#index (for 192.168.0.101 at 2010-03-26 20:21:09) [GET]
Rendering index/index
Completed in 17ms (View: 13, DB: 0) | 200 OK [http://192.168.0.105/]
